This is XeTeX, Version 3.14159265-2.6-0.99996 (TeX Live 2016) (preloaded format=xelatex 2017.4.19)  13 APR 2018 13:13
entering extended mode
 restricted \write18 enabled.
 %&-line parsing enabled.
**Lotka_Volterra3.tex
(./Lotka_Volterra3.tex
LaTeX2e <2016/03/31>
Babel <3.9r> and hyphenation patterns for 83 language(s) loaded.
(/usr/local/texlive/2016/texmf-dist/tex/latex/base/book.cls
Document Class: book 2014/09/29 v1.4h Standard LaTeX document class
(/usr/local/texlive/2016/texmf-dist/tex/latex/base/bk11.clo
File: bk11.clo 2014/09/29 v1.4h Standard LaTeX file (size option)
)
\c@part=\count79
\c@chapter=\count80
\c@section=\count81
\c@subsection=\count82
\c@subsubsection=\count83
\c@paragraph=\count84
\c@subparagraph=\count85
\c@figure=\count86
\c@table=\count87
\abovecaptionskip=\skip41
\belowcaptionskip=\skip42
\bibindent=\dimen102
)
(/usr/local/texlive/2016/texmf-dist/tex/latex/graphics/graphicx.sty
Package: graphicx 2014/10/28 v1.0g Enhanced LaTeX Graphics (DPC,SPQR)

(/usr/local/texlive/2016/texmf-dist/tex/latex/graphics/keyval.sty
Package: keyval 2014/10/28 v1.15 key=value parser (DPC)
\KV@toks@=\toks14
)
(/usr/local/texlive/2016/texmf-dist/tex/latex/graphics/graphics.sty
Package: graphics 2016/05/09 v1.0r Standard LaTeX Graphics (DPC,SPQR)

(/usr/local/texlive/2016/texmf-dist/tex/latex/graphics/trig.sty
Package: trig 2016/01/03 v1.10 sin cos tan (DPC)
)
(/usr/local/texlive/2016/texmf-dist/tex/latex/graphics-cfg/graphics.cfg
File: graphics.cfg 2016/01/02 v1.10 sample graphics configuration
)
Package graphics Info: Driver file: xetex.def on input line 96.

(/usr/local/texlive/2016/texmf-dist/tex/xelatex/xetex-def/xetex.def
File: xetex.def 2016/04/06 v4.08 LaTeX color/graphics driver for XeTeX (TeX Liv
e/RRM/JK)

(/usr/local/texlive/2016/texmf-dist/tex/generic/oberdiek/infwarerr.sty
Package: infwarerr 2016/05/16 v1.4 Providing info/warning/error messages (HO)
)
(/usr/local/texlive/2016/texmf-dist/tex/generic/oberdiek/ltxcmds.sty
Package: ltxcmds 2016/05/16 v1.23 LaTeX kernel commands for general use (HO)
)))
\Gin@req@height=\dimen103
\Gin@req@width=\dimen104
)
(/usr/local/texlive/2016/texmf-dist/tex/latex/graphics/color.sty
Package: color 2016/05/09 v1.1c Standard LaTeX Color (DPC)

(/usr/local/texlive/2016/texmf-dist/tex/latex/graphics-cfg/color.cfg
File: color.cfg 2016/01/02 v1.6 sample color configuration
)
Package color Info: Driver file: xetex.def on input line 144.
)
(/usr/local/texlive/2016/texmf-dist/tex/latex/geometry/geometry.sty
Package: geometry 2010/09/12 v5.6 Page Geometry

(/usr/local/texlive/2016/texmf-dist/tex/generic/oberdiek/ifpdf.sty
Package: ifpdf 2016/05/14 v3.1 Provides the ifpdf switch
)
(/usr/local/texlive/2016/texmf-dist/tex/generic/oberdiek/ifvtex.sty
Package: ifvtex 2016/05/16 v1.6 Detect VTeX and its facilities (HO)
Package ifvtex Info: VTeX not detected.
)
(/usr/local/texlive/2016/texmf-dist/tex/generic/ifxetex/ifxetex.sty
Package: ifxetex 2010/09/12 v0.6 Provides ifxetex conditional
)
\Gm@cnth=\count88
\Gm@cntv=\count89
\c@Gm@tempcnt=\count90
\Gm@bindingoffset=\dimen105
\Gm@wd@mp=\dimen106
\Gm@odd@mp=\dimen107
\Gm@even@mp=\dimen108
\Gm@layoutwidth=\dimen109
\Gm@layoutheight=\dimen110
\Gm@layouthoffset=\dimen111
\Gm@layoutvoffset=\dimen112
\Gm@dimlist=\toks15
)
(/usr/local/texlive/2016/texmf-dist/tex/latex/amsmath/amsmath.sty
Package: amsmath 2016/03/10 v2.15b AMS math features
\@mathmargin=\skip43

For additional information on amsmath, use the `?' option.
(/usr/local/texlive/2016/texmf-dist/tex/latex/amsmath/amstext.sty
Package: amstext 2000/06/29 v2.01 AMS text

(/usr/local/texlive/2016/texmf-dist/tex/latex/amsmath/amsgen.sty
File: amsgen.sty 1999/11/30 v2.0 generic functions
\@emptytoks=\toks16
\ex@=\dimen113
))
(/usr/local/texlive/2016/texmf-dist/tex/latex/amsmath/amsbsy.sty
Package: amsbsy 1999/11/29 v1.2d Bold Symbols
\pmbraise@=\dimen114
)
(/usr/local/texlive/2016/texmf-dist/tex/latex/amsmath/amsopn.sty
Package: amsopn 2016/03/08 v2.02 operator names
)
\inf@bad=\count91
LaTeX Info: Redefining \frac on input line 199.
\uproot@=\count92
\leftroot@=\count93
LaTeX Info: Redefining \overline on input line 297.
\classnum@=\count94
\DOTSCASE@=\count95
LaTeX Info: Redefining \ldots on input line 394.
LaTeX Info: Redefining \dots on input line 397.
LaTeX Info: Redefining \cdots on input line 518.
\Mathstrutbox@=\box26
\strutbox@=\box27
\big@size=\dimen115
LaTeX Font Info:    Redeclaring font encoding OML on input line 634.
LaTeX Font Info:    Redeclaring font encoding OMS on input line 635.
\macc@depth=\count96
\c@MaxMatrixCols=\count97
\dotsspace@=\muskip10
\c@parentequation=\count98
\dspbrk@lvl=\count99
\tag@help=\toks17
\row@=\count100
\column@=\count101
\maxfields@=\count102
\andhelp@=\toks18
\eqnshift@=\dimen116
\alignsep@=\dimen117
\tagshift@=\dimen118
\tagwidth@=\dimen119
\totwidth@=\dimen120
\lineht@=\dimen121
\@envbody=\toks19
\multlinegap=\skip44
\multlinetaggap=\skip45
\mathdisplay@stack=\toks20
LaTeX Info: Redefining \[ on input line 2739.
LaTeX Info: Redefining \] on input line 2740.
)
(/usr/local/texlive/2016/texmf-dist/tex/latex/amsfonts/amssymb.sty
Package: amssymb 2013/01/14 v3.01 AMS font symbols

(/usr/local/texlive/2016/texmf-dist/tex/latex/amsfonts/amsfonts.sty
Package: amsfonts 2013/01/14 v3.01 Basic AMSFonts support
\symAMSa=\mathgroup4
\symAMSb=\mathgroup5
LaTeX Font Info:    Overwriting math alphabet `\mathfrak' in version `bold'
(Font)                  U/euf/m/n --> U/euf/b/n on input line 106.
))
(/usr/local/texlive/2016/texmf-dist/tex/latex/amscls/amsthm.sty
Package: amsthm 2015/03/04 v2.20.2
\thm@style=\toks21
\thm@bodyfont=\toks22
\thm@headfont=\toks23
\thm@notefont=\toks24
\thm@headpunct=\toks25
\thm@preskip=\skip46
\thm@postskip=\skip47
\thm@headsep=\skip48
\dth@everypar=\toks26
)
(/usr/local/texlive/2016/texmf-dist/tex/latex/base/inputenc.sty
Package: inputenc 2015/03/17 v1.2c Input encoding file
\inpenc@prehook=\toks27
\inpenc@posthook=\toks28


Package inputenc Warning: inputenc package ignored with utf8 based engines.

) (/usr/local/texlive/2016/texmf-dist/tex/latex/tools/verbatim.sty
Package: verbatim 2014/10/28 v1.5q LaTeX2e package for verbatim enhancements
\every@verbatim=\toks29
\verbatim@line=\toks30
\verbatim@in@stream=\read1
)
(/usr/local/texlive/2016/texmf-dist/tex/latex/fontspec/fontspec.sty
(/usr/local/texlive/2016/texmf-dist/tex/latex/l3kernel/expl3.sty
Package: expl3 2016/05/18 v6512 L3 programming layer (loader) 

(/usr/local/texlive/2016/texmf-dist/tex/latex/l3kernel/expl3-code.tex
Package: expl3 2016/05/18 v6512 L3 programming layer (code)
L3 Module: l3bootstrap 2016/02/12 v6412 L3 Bootstrap code
L3 Module: l3names 2016/03/11 v6433 L3 Namespace for primitives
L3 Module: l3basics 2015/11/22 v6315 L3 Basic definitions
L3 Module: l3expan 2015/09/10 v5983 L3 Argument expansion
L3 Module: l3tl 2016/03/26 v6465 L3 Token lists
L3 Module: l3str 2016/03/24 v6441 L3 Strings
L3 Module: l3seq 2015/08/05 v5777 L3 Sequences and stacks
L3 Module: l3int 2016/03/24 v6441 L3 Integers
\c_max_int=\count103
\l_tmpa_int=\count104
\l_tmpb_int=\count105
\g_tmpa_int=\count106
\g_tmpb_int=\count107
L3 Module: l3quark 2015/08/17 v5855 L3 Quarks
L3 Module: l3prg 2015/11/01 v6216 L3 Control structures
\g__prg_map_int=\count108
L3 Module: l3clist 2015/09/02 v5901 L3 Comma separated lists
L3 Module: l3token 2016/04/03 v6470 L3 Experimental token manipulation
L3 Module: l3prop 2016/01/05 v6366 L3 Property lists
L3 Module: l3msg 2016/03/26 v6464 L3 Messages
L3 Module: l3file 2016/03/25 v6458 L3 File and I/O operations
\l_iow_line_count_int=\count109
\l__iow_target_count_int=\count110
\l__iow_current_line_int=\count111
\l__iow_current_word_int=\count112
\l__iow_current_indentation_int=\count113
L3 Module: l3skip 2016/01/05 v6366 L3 Dimensions and skips
\c_zero_dim=\dimen122
\c_max_dim=\dimen123
\l_tmpa_dim=\dimen124
\l_tmpb_dim=\dimen125
\g_tmpa_dim=\dimen126
\g_tmpb_dim=\dimen127
\c_zero_skip=\skip49
\c_max_skip=\skip50
\l_tmpa_skip=\skip51
\l_tmpb_skip=\skip52
\g_tmpa_skip=\skip53
\g_tmpb_skip=\skip54
\c_zero_muskip=\muskip11
\c_max_muskip=\muskip12
\l_tmpa_muskip=\muskip13
\l_tmpb_muskip=\muskip14
\g_tmpa_muskip=\muskip15
\g_tmpb_muskip=\muskip16
L3 Module: l3keys 2015/11/17 v6284 L3 Key-value interfaces
\g__keyval_level_int=\count114
\l_keys_choice_int=\count115
L3 Module: l3fp 2016/03/26 v6465 L3 Floating points
\c__fp_leading_shift_int=\count116
\c__fp_middle_shift_int=\count117
\c__fp_trailing_shift_int=\count118
\c__fp_big_leading_shift_int=\count119
\c__fp_big_middle_shift_int=\count120
\c__fp_big_trailing_shift_int=\count121
\c__fp_Bigg_leading_shift_int=\count122
\c__fp_Bigg_middle_shift_int=\count123
\c__fp_Bigg_trailing_shift_int=\count124
L3 Module: l3box 2015/08/09 v5822 L3 Experimental boxes
\c_empty_box=\box28
\l_tmpa_box=\box29
\l_tmpb_box=\box30
\g_tmpa_box=\box31
\g_tmpb_box=\box32
L3 Module: l3coffins 2016/05/17 v6508 L3 Coffin code layer
\l__coffin_internal_box=\box33
\l__coffin_internal_dim=\dimen128
\l__coffin_offset_x_dim=\dimen129
\l__coffin_offset_y_dim=\dimen130
\l__coffin_x_dim=\dimen131
\l__coffin_y_dim=\dimen132
\l__coffin_x_prime_dim=\dimen133
\l__coffin_y_prime_dim=\dimen134
\c_empty_coffin=\box34
\l__coffin_aligned_coffin=\box35
\l__coffin_aligned_internal_coffin=\box36
\l_tmpa_coffin=\box37
\l_tmpb_coffin=\box38
\l__coffin_display_coffin=\box39
\l__coffin_display_coord_coffin=\box40
\l__coffin_display_pole_coffin=\box41
\l__coffin_display_offset_dim=\dimen135
\l__coffin_display_x_dim=\dimen136
\l__coffin_display_y_dim=\dimen137
L3 Module: l3color 2014/08/23 v5354 L3 Experimental color support
L3 Module: l3sys 2015/09/25 v6087 L3 Experimental system/runtime functions
L3 Module: l3candidates 2016/05/13 v6484 L3 Experimental additions to l3kernel
\l__box_top_dim=\dimen138
\l__box_bottom_dim=\dimen139
\l__box_left_dim=\dimen140
\l__box_right_dim=\dimen141
\l__box_top_new_dim=\dimen142
\l__box_bottom_new_dim=\dimen143
\l__box_left_new_dim=\dimen144
\l__box_right_new_dim=\dimen145
\l__box_internal_box=\box42
\l__coffin_bounding_shift_dim=\dimen146
\l__coffin_left_corner_dim=\dimen147
\l__coffin_right_corner_dim=\dimen148
\l__coffin_bottom_corner_dim=\dimen149
\l__coffin_top_corner_dim=\dimen150
\l__coffin_scaled_total_height_dim=\dimen151
\l__coffin_scaled_width_dim=\dimen152
L3 Module: l3luatex 2016/03/26 v6465 L3 Experimental LuaTeX-specific functions
)
(/usr/local/texlive/2016/texmf-dist/tex/latex/l3kernel/l3xdvipdfmx.def
File: l3xdvidpfmx.def 2016/03/26 v6465 L3 Experimental driver: xdvipdfmx
\l__driver_tmp_box=\box43
))
(/usr/local/texlive/2016/texmf-dist/tex/latex/l3packages/xparse/xparse.sty
Package: xparse 2016/05/18 v6512 L3 Experimental document command parser
\l__xparse_current_arg_int=\count125
\l__xparse_m_args_int=\count126
\l__xparse_mandatory_args_int=\count127
\l__xparse_processor_int=\count128
\l__xparse_v_nesting_int=\count129
)
Package: fontspec 2016/02/01 v2.5a Font selection for XeLaTeX and LuaLaTeX

(/usr/local/texlive/2016/texmf-dist/tex/latex/fontspec/fontspec-xetex.sty
Package: fontspec-xetex 2016/02/01 v2.5a Font selection for XeLaTeX and LuaLaTe
X
\l_fontspec_script_int=\count130
\l_fontspec_language_int=\count131
\l_fontspec_strnum_int=\count132
\l__fontspec_tmpa_dim=\dimen153
\l__fontspec_tmpb_dim=\dimen154
\l__fontspec_tmpc_dim=\dimen155
\g__file_internal_ior=\read2

(/usr/local/texlive/2016/texmf-dist/tex/latex/base/fontenc.sty
Package: fontenc 2005/09/27 v1.99g Standard LaTeX package

(/usr/local/texlive/2016/texmf-dist/tex/latex/euenc/eu1enc.def
File: eu1enc.def 2010/05/27 v0.1h Experimental Unicode font encodings
)
LaTeX Font Info:    Try loading font information for EU1+lmr on input line 105.


(/usr/local/texlive/2016/texmf-dist/tex/latex/euenc/eu1lmr.fd
File: eu1lmr.fd 2009/10/30 v1.6 Font defs for Latin Modern
))
(/usr/local/texlive/2016/texmf-dist/tex/xelatex/xunicode/xunicode.sty
File: xunicode.sty 2011/09/09 v0.981 provides access to latin accents and many 
other characters in Unicode lower plane

*** you should *not* be loading the inputenc package
*** XeTeX expects the source to be in UTF8 encoding
*** some features of other encodings may conflict, resulting in poor output.
(/usr/local/texlive/2016/texmf-dist/tex/latex/tipa/t3enc.def
File: t3enc.def 2001/12/31 T3 encoding
LaTeX Font Info:    Try loading font information for EU1+lmss on input line 357
.

(/usr/local/texlive/2016/texmf-dist/tex/latex/euenc/eu1lmss.fd
File: eu1lmss.fd 2009/10/30 v1.6 Font defs for Latin Modern
))
\tipaTiiicode=\count133
\tipasavetokens=\toks31
\tipachecktokens=\toks32
)
.................................................
. LaTeX info: "xparse/define-command"
. 
. Defining command \__fontspec_post_arg:w with sig. 'mmO{}' on line 353.
.................................................
.................................................
. LaTeX info: "xparse/define-command"
. 
. Defining command \fontspec with sig. 'om' on line 355.
.................................................
.................................................
. LaTeX info: "xparse/define-command"
. 
. Defining command \setmainfont with sig. 'om' on line 365.
.................................................
.................................................
. LaTeX info: "xparse/define-command"
. 
. Defining command \setsansfont with sig. 'om' on line 375.
.................................................
.................................................
. LaTeX info: "xparse/define-command"
. 
. Defining command \setmonofont with sig. 'om' on line 385.
.................................................
.................................................
. LaTeX info: "xparse/define-command"
. 
. Defining command \setmathrm with sig. 'om' on line 399.
.................................................
.................................................
. LaTeX info: "xparse/define-command"
. 
. Defining command \setboldmathrm with sig. 'om' on line 407.
.................................................
.................................................
. LaTeX info: "xparse/define-command"
. 
. Defining command \setmathsf with sig. 'om' on line 415.
.................................................
.................................................
. LaTeX info: "xparse/define-command"
. 
. Defining command \setmathtt with sig. 'om' on line 423.
.................................................
.................................................
. LaTeX info: "xparse/define-command"
. 
. Defining command \newfontfamily with sig. 'mom' on line 437.
.................................................
.................................................
. LaTeX info: "xparse/define-command"
. 
. Defining command \newfontface with sig. 'mom' on line 453.
.................................................
.................................................
. LaTeX info: "xparse/define-command"
. 
. Defining command \defaultfontfeatures with sig. 't+om' on line 467.
.................................................
.................................................
. LaTeX info: "xparse/define-command"
. 
. Defining command \addfontfeatures with sig. 'm' on line 529.
.................................................
.................................................
. LaTeX info: "xparse/define-command"
. 
. Defining command \newfontfeature with sig. 'mm' on line 540.
.................................................
.................................................
. LaTeX info: "xparse/define-command"
. 
. Defining command \newAATfeature with sig. 'mmmm' on line 548.
.................................................
.................................................
. LaTeX info: "xparse/define-command"
. 
. Defining command \newopentypefeature with sig. 'mmm' on line 556.
.................................................
.................................................
. LaTeX info: "xparse/define-command"
. 
. Defining command \aliasfontfeature with sig. 'mm' on line 577.
.................................................
.................................................
. LaTeX info: "xparse/define-command"
. 
. Defining command \aliasfontfeatureoption with sig. 'mmm' on line 586.
.................................................
.................................................
. LaTeX info: "xparse/define-command"
. 
. Defining command \newfontscript with sig. 'mm' on line 590.
.................................................
.................................................
. LaTeX info: "xparse/define-command"
. 
. Defining command \newfontlanguage with sig. 'mm' on line 594.
.................................................
.................................................
. LaTeX info: "xparse/define-command"
. 
. Defining command \DeclareFontsExtensions with sig. 'm' on line 599.
.................................................
\l__fontspec_tmp_int=\count134

(/usr/local/texlive/2016/texmf-dist/tex/latex/fontspec/fontspec.cfg)
LaTeX Info: Redefining \itshape on input line 2705.
LaTeX Info: Redefining \slshape on input line 2710.
LaTeX Info: Redefining \scshape on input line 2715.
LaTeX Info: Redefining \upshape on input line 2720.
\l__fontspec_em_int=\count135
\l__fontspec_emdef_int=\count136
LaTeX Info: Redefining \em on input line 2736.
LaTeX Info: Redefining \emph on input line 2742.
LaTeX Info: Redefining \- on input line 2746.
.................................................
. LaTeX info: "xparse/redefine-command"
. 
. Redefining command \oldstylenums with sig. 'm' on line 2841.
.................................................
.................................................
. LaTeX info: "xparse/define-command"
. 
. Defining command \liningnums with sig. 'm' on line 2845.
.................................................
))
(/usr/local/texlive/2016/texmf-dist/tex/latex/base/fontenc.sty
Package: fontenc 2005/09/27 v1.99g Standard LaTeX package
)
\g__fontspec_family_MinionPro_int=\count137
.................................................
. fontspec info: "no-font-shape"
. 
. Could not resolve font Minion Pro Italic/B (it probably doesn't exist).
.................................................
.................................................
. fontspec info: "defining-font"
. 
. Font family 'MinionPro(0)' created for font 'Minion Pro' with options
. [Ligatures=TeX,BoldFont={Minion Pro Semibold},ItalicFont={Minion Pro
. Italic}].
. 
. This font family consists of the following NFSS series/shapes:
. - 'normal' (m/n) with NFSS spec.: <->"Minion
. Pro/OT:script=latn;language=DFLT;mapping=tex-text;"
. - 'small caps'  (m/sc) with NFSS spec.: <->"Minion
. Pro/OT:script=latn;language=DFLT;mapping=tex-text;+smcp;"- 'bold' (bx/n)
. with NFSS spec.: <->"Minion Pro
. Semibold/OT:script=latn;language=DFLT;mapping=tex-text;"
. - 'bold small caps'  (bx/sc) with NFSS spec.: <->"Minion Pro
. Semibold/OT:script=latn;language=DFLT;mapping=tex-text;+smcp;"- 'italic'
. (m/it) with NFSS spec.: <->"Minion Pro
. Italic/OT:script=latn;language=DFLT;mapping=tex-text;"
. - 'italic small caps'  (m/itsc) with NFSS spec.: <->"Minion Pro
. Italic/OT:script=latn;language=DFLT;mapping=tex-text;+smcp;"- 'bold italic'
. (bx/it) with NFSS spec.: <->"Minion Pro
. Semibold/I/OT:script=latn;language=DFLT;mapping=tex-text;"
. - 'bold italic small caps'  (bx/itsc) with NFSS spec.: <->"Minion Pro
. Semibold/I/OT:script=latn;language=DFLT;mapping=tex-text;+smcp;"
.................................................

(/usr/local/texlive/2016/texmf-dist/tex/latex/fancyvrb/fancyvrb.sty
Package: fancyvrb 2008/02/07

Style option: `fancyvrb' v2.7a, with DG/SPQR fixes, and firstline=lastline fix 
<2008/02/07> (tvz)
\FV@CodeLineNo=\count138
\FV@InFile=\read3
\FV@TabBox=\box44
\c@FancyVerbLine=\count139
\FV@StepNumber=\count140
\FV@OutFile=\write3
)
(/usr/local/texlive/2016/texmf-dist/tex/latex/hyperref/hyperref.sty
Package: hyperref 2016/05/05 v6.83n Hypertext links for LaTeX

(/usr/local/texlive/2016/texmf-dist/tex/generic/oberdiek/hobsub-hyperref.sty
Package: hobsub-hyperref 2016/05/16 v1.14 Bundle oberdiek, subset hyperref (HO)


(/usr/local/texlive/2016/texmf-dist/tex/generic/oberdiek/hobsub-generic.sty
Package: hobsub-generic 2016/05/16 v1.14 Bundle oberdiek, subset generic (HO)
Package: hobsub 2016/05/16 v1.14 Construct package bundles (HO)
Package hobsub Info: Skipping package `infwarerr' (already loaded).
Package hobsub Info: Skipping package `ltxcmds' (already loaded).
Package: ifluatex 2016/05/16 v1.4 Provides the ifluatex switch (HO)
Package ifluatex Info: LuaTeX not detected.
Package hobsub Info: Skipping package `ifvtex' (already loaded).
Package: intcalc 2016/05/16 v1.2 Expandable calculations with integers (HO)
Package hobsub Info: Skipping package `ifpdf' (already loaded).
Package: etexcmds 2016/05/16 v1.6 Avoid name clashes with e-TeX commands (HO)
Package etexcmds Info: Could not find \expanded.
(etexcmds)             That can mean that you are not using pdfTeX 1.50 or
(etexcmds)             that some package has redefined \expanded.
(etexcmds)             In the latter case, load this package earlier.
Package: kvsetkeys 2016/05/16 v1.17 Key value parser (HO)
Package: kvdefinekeys 2016/05/16 v1.4 Define keys (HO)
Package: pdftexcmds 2016/05/10 v0.21 Utility functions of pdfTeX for LuaTeX (HO
)
Package pdftexcmds Info: LuaTeX not detected.
Package pdftexcmds Info: pdfTeX >= 1.30 not detected.
Package pdftexcmds Info: \pdf@primitive is available.
Package pdftexcmds Info: \pdf@ifprimitive is available.
Package pdftexcmds Info: \pdfdraftmode not found.
Package: pdfescape 2016/05/16 v1.14 Implements pdfTeX's escape features (HO)
Package: bigintcalc 2016/05/16 v1.4 Expandable calculations on big integers (HO
)
Package: bitset 2016/05/16 v1.2 Handle bit-vector datatype (HO)
Package: uniquecounter 2016/05/16 v1.3 Provide unlimited unique counter (HO)
)
Package hobsub Info: Skipping package `hobsub' (already loaded).
Package: letltxmacro 2016/05/16 v1.5 Let assignment for LaTeX macros (HO)
Package: hopatch 2016/05/16 v1.3 Wrapper for package hooks (HO)
Package: xcolor-patch 2016/05/16 xcolor patch
Package: atveryend 2016/05/16 v1.9 Hooks at the very end of document (HO)
Package atveryend Info: \enddocument detected (standard20110627).
Package: atbegshi 2016/05/16 v1.17 At begin shipout hook (HO)
Package: refcount 2016/05/16 v3.5 Data extraction from label references (HO)
Package: hycolor 2016/05/16 v1.8 Color options for hyperref/bookmark (HO)
)
(/usr/local/texlive/2016/texmf-dist/tex/latex/oberdiek/auxhook.sty
Package: auxhook 2016/05/16 v1.4 Hooks for auxiliary files (HO)
)
(/usr/local/texlive/2016/texmf-dist/tex/latex/oberdiek/kvoptions.sty
Package: kvoptions 2016/05/16 v3.12 Key value format for package options (HO)
)
\@linkdim=\dimen156
\Hy@linkcounter=\count141
\Hy@pagecounter=\count142

(/usr/local/texlive/2016/texmf-dist/tex/latex/hyperref/pd1enc.def
File: pd1enc.def 2016/05/05 v6.83n Hyperref: PDFDocEncoding definition (HO)
)
\Hy@SavedSpaceFactor=\count143

(/usr/local/texlive/2016/texmf-dist/tex/latex/latexconfig/hyperref.cfg
File: hyperref.cfg 2002/06/06 v1.2 hyperref configuration of TeXLive
)
Package hyperref Info: Option `breaklinks' set `true' on input line 4322.


Package hyperref Warning: Option `letterpaper' is no longer used.

Package hyperref Info: Option `colorlinks' set `true' on input line 4322.
Package hyperref Info: Option `bookmarks' set `false' on input line 4322.
Package hyperref Info: Hyper figures OFF on input line 4446.
Package hyperref Info: Link nesting OFF on input line 4451.
Package hyperref Info: Hyper index ON on input line 4454.
Package hyperref Info: Plain pages OFF on input line 4461.
Package hyperref Info: Backreferencing ON on input line 4464.
Package hyperref Info: Implicit mode ON; LaTeX internals redefined.
Package hyperref Info: Bookmarks OFF on input line 4697.
(/usr/local/texlive/2016/texmf-dist/tex/latex/hyperref/backref.sty
Package: backref 2012/07/25 v1.38 Bibliographical back referencing

(/usr/local/texlive/2016/texmf-dist/tex/latex/oberdiek/rerunfilecheck.sty
Package: rerunfilecheck 2016/05/16 v1.8 Rerun checks for auxiliary files (HO)
Package rerunfilecheck Info: Feature \pdfmdfivesum is not available
(rerunfilecheck)             (e.g. pdfTeX or LuaTeX with package `pdftexcmds').

(rerunfilecheck)             Therefore file contents cannot be checked efficien
tly
(rerunfilecheck)             and the loading of the package is aborted.
))
\c@Hy@tempcnt=\count144

(/usr/local/texlive/2016/texmf-dist/tex/latex/url/url.sty
\Urlmuskip=\muskip17
Package: url 2013/09/16  ver 3.4  Verb mode for urls, etc.
)
LaTeX Info: Redefining \url on input line 5044.
\XeTeXLinkMargin=\dimen157
\Fld@menulength=\count145
\Field@Width=\dimen158
\Fld@charsize=\dimen159
Package hyperref Info: Hyper figures OFF on input line 6298.
Package hyperref Info: Link nesting OFF on input line 6303.
Package hyperref Info: Hyper index ON on input line 6306.
Package hyperref Info: backreferencing ON on input line 6311.
Package hyperref Info: Link coloring ON on input line 6316.
Package hyperref Info: Link coloring with OCG OFF on input line 6323.
Package hyperref Info: PDF/A mode OFF on input line 6328.
LaTeX Info: Redefining \ref on input line 6368.
LaTeX Info: Redefining \pageref on input line 6372.
\Hy@abspage=\count146
\c@Item=\count147
\c@Hfootnote=\count148
)

Package hyperref Message: Driver (autodetected): hxetex.

(/usr/local/texlive/2016/texmf-dist/tex/latex/hyperref/hxetex.def
File: hxetex.def 2016/05/05 v6.83n Hyperref driver for XeTeX

(/usr/local/texlive/2016/texmf-dist/tex/latex/hyperref/puenc.def
File: puenc.def 2016/05/05 v6.83n Hyperref: PDF Unicode definition (HO)
)
(/usr/local/texlive/2016/texmf-dist/tex/generic/oberdiek/stringenc.sty
Package: stringenc 2016/05/16 v1.11 Convert strings between diff. encodings (HO
)
)
\pdfm@box=\box45
\c@Hy@AnnotLevel=\count149
\HyField@AnnotCount=\count150
\Fld@listcount=\count151
\c@bookmark@seq@number=\count152
\Hy@SectionHShift=\skip55
)
(/usr/local/texlive/2016/texmf-dist/tex/latex/xcolor/xcolor.sty
Package: xcolor 2016/05/11 v2.12 LaTeX color extensions (UK)

(/usr/local/texlive/2016/texmf-dist/tex/latex/graphics-cfg/color.cfg
File: color.cfg 2016/01/02 v1.6 sample color configuration
)
Package xcolor Info: Driver file: xetex.def on input line 225.
LaTeX Info: Redefining \color on input line 709.
Package xcolor Info: Model `cmy' substituted by `cmy0' on input line 1348.
Package xcolor Info: Model `RGB' extended on input line 1364.
Package xcolor Info: Model `HTML' substituted by `rgb' on input line 1366.
Package xcolor Info: Model `Hsb' substituted by `hsb' on input line 1367.
Package xcolor Info: Model `tHsb' substituted by `hsb' on input line 1368.
Package xcolor Info: Model `HSB' substituted by `hsb' on input line 1369.
Package xcolor Info: Model `Gray' substituted by `gray' on input line 1370.
Package xcolor Info: Model `wave' substituted by `hsb' on input line 1371.

(/usr/local/texlive/2016/texmf-dist/tex/latex/graphics/dvipsnam.def
File: dvipsnam.def 2015/12/30 v3.0k Driver-dependent file (DPC,SPQR)
))
Package hyperref Info: Option `colorlinks' set `true' on input line 33.

(/usr/local/texlive/2016/texmf-dist/tex/latex/float/float.sty
Package: float 2001/11/08 v1.3d Float enhancements (AL)
\c@float@type=\count153
\float@exts=\toks33
\float@box=\box46
\@float@everytoks=\toks34
\@floatcapt=\box47
)
(/usr/local/texlive/2016/texmf-dist/tex/latex/fancyhdr/fancyhdr.sty
\fancy@headwidth=\skip56
\f@ncyO@elh=\skip57
\f@ncyO@erh=\skip58
\f@ncyO@olh=\skip59
\f@ncyO@orh=\skip60
\f@ncyO@elf=\skip61
\f@ncyO@erf=\skip62
\f@ncyO@olf=\skip63
\f@ncyO@orf=\skip64
)
(/usr/local/texlive/2016/texmf-dist/tex/latex/titlesec/titlesec.sty
Package: titlesec 2016/03/21 v2.10.2 Sectioning titles
\ttl@box=\box48
\beforetitleunit=\skip65
\aftertitleunit=\skip66
\ttl@plus=\dimen160
\ttl@minus=\dimen161
\ttl@toksa=\toks35
\titlewidth=\dimen162
\titlewidthlast=\dimen163
\titlewidthfirst=\dimen164
)
\g__fontspec_family_MinionProSemibold_int=\count154
.................................................
. fontspec info: "defining-font"
. 
. Font family 'MinionProSemibold(0)' created for font 'Minion Pro Semibold'
. with options [].
. 
. This font family consists of the following NFSS series/shapes:
. - 'normal' (m/n) with NFSS spec.: <->"Minion Pro
. Semibold/OT:script=latn;language=DFLT;"
. - 'small caps'  (m/sc) with NFSS spec.: <->"Minion Pro
. Semibold/OT:script=latn;language=DFLT;+smcp;"- 'bold' (bx/n) with NFSS
. spec.: <->"Minion Pro Semibold/B/OT:script=latn;language=DFLT;"
. - 'bold small caps'  (bx/sc) with NFSS spec.: <->"Minion Pro
. Semibold/B/OT:script=latn;language=DFLT;+smcp;"- 'italic' (m/it) with NFSS
. spec.: <->"Minion Pro Semibold/I/OT:script=latn;language=DFLT;"
. - 'italic small caps'  (m/itsc) with NFSS spec.: <->"Minion Pro
. Semibold/I/OT:script=latn;language=DFLT;+smcp;"- 'bold italic' (bx/it) with
. NFSS spec.: <->"Minion Pro Semibold/BI/OT:script=latn;language=DFLT;"
. - 'bold italic small caps'  (bx/itsc) with NFSS spec.: <->"Minion Pro
. Semibold/BI/OT:script=latn;language=DFLT;+smcp;"
.................................................

(./Lotka_Volterra3.aux)
\openout1 = `Lotka_Volterra3.aux'.

LaTeX Font Info:    Checking defaults for OML/cmm/m/it on input line 53.
LaTeX Font Info:    ... okay on input line 53.
LaTeX Font Info:    Checking defaults for T1/cmr/m/n on input line 53.
LaTeX Font Info:    ... okay on input line 53.
LaTeX Font Info:    Checking defaults for OT1/cmr/m/n on input line 53.
LaTeX Font Info:    ... okay on input line 53.
LaTeX Font Info:    Checking defaults for OMS/cmsy/m/n on input line 53.
LaTeX Font Info:    ... okay on input line 53.
LaTeX Font Info:    Checking defaults for OMX/cmex/m/n on input line 53.
LaTeX Font Info:    ... okay on input line 53.
LaTeX Font Info:    Checking defaults for U/cmr/m/n on input line 53.
LaTeX Font Info:    ... okay on input line 53.
LaTeX Font Info:    Checking defaults for EU1/lmr/m/n on input line 53.
LaTeX Font Info:    ... okay on input line 53.
LaTeX Font Info:    Checking defaults for T3/cmr/m/n on input line 53.
LaTeX Font Info:    Try loading font information for T3+cmr on input line 53.

(/usr/local/texlive/2016/texmf-dist/tex/latex/tipa/t3cmr.fd
File: t3cmr.fd 2001/12/31 TIPA font definitions
)
LaTeX Font Info:    ... okay on input line 53.
LaTeX Font Info:    Checking defaults for PD1/pdf/m/n on input line 53.
LaTeX Font Info:    ... okay on input line 53.
LaTeX Font Info:    Checking defaults for PU/pdf/m/n on input line 53.
LaTeX Font Info:    ... okay on input line 53.

*geometry* driver: auto-detecting
*geometry* detected driver: xetex
*geometry* verbose mode - [ preamble ] result:
* driver: xetex
* paper: a4paper
* layout: <same size as paper>
* layoutoffset:(h,v)=(0.0pt,0.0pt)
* modes: twoside 
* h-part:(L,W,R)=(56.9055pt, 483.69687pt, 56.9055pt)
* v-part:(T,H,B)=(71.13188pt, 702.78308pt, 71.13188pt)
* \paperwidth=597.50787pt
* \paperheight=845.04684pt
* \textwidth=483.69687pt
* \textheight=702.78308pt
* \oddsidemargin=-15.36449pt
* \evensidemargin=-15.36449pt
* \topmargin=-33.0119pt
* \headheight=12.0pt
* \headsep=19.8738pt
* \topskip=11.0pt
* \footskip=27.46295pt
* \marginparwidth=106.0pt
* \marginparsep=7.0pt
* \columnsep=10.0pt
* \skip\footins=10.0pt plus 4.0pt minus 2.0pt
* \hoffset=0.0pt
* \voffset=0.0pt
* \mag=1000
* \@twocolumnfalse
* \@twosidetrue
* \@mparswitchtrue
* \@reversemarginfalse
* (1in=72.27pt=25.4mm, 1cm=28.453pt)

*** you should *not* be loading the inputenc package
*** XeTeX expects the source to be in UTF8 encoding
*** some features of other encodings may conflict, resulting in poor output.
.................................................
. fontspec info: "setup-math"
. 
. Adjusting the maths setup (use [no-math] to avoid this).
.................................................
\symlegacymaths=\mathgroup6
LaTeX Font Info:    Overwriting symbol font `legacymaths' in version `bold'
(Font)                  OT1/cmr/m/n --> OT1/cmr/bx/n on input line 53.
LaTeX Font Info:    Redeclaring math accent \acute on input line 53.
LaTeX Font Info:    Redeclaring math accent \grave on input line 53.
LaTeX Font Info:    Redeclaring math accent \ddot on input line 53.
LaTeX Font Info:    Redeclaring math accent \tilde on input line 53.
LaTeX Font Info:    Redeclaring math accent \bar on input line 53.
LaTeX Font Info:    Redeclaring math accent \breve on input line 53.
LaTeX Font Info:    Redeclaring math accent \check on input line 53.
LaTeX Font Info:    Redeclaring math accent \hat on input line 53.
LaTeX Font Info:    Redeclaring math accent \dot on input line 53.
LaTeX Font Info:    Redeclaring math accent \mathring on input line 53.
LaTeX Font Info:    Redeclaring math symbol \Gamma on input line 53.
LaTeX Font Info:    Redeclaring math symbol \Delta on input line 53.
LaTeX Font Info:    Redeclaring math symbol \Theta on input line 53.
LaTeX Font Info:    Redeclaring math symbol \Lambda on input line 53.
LaTeX Font Info:    Redeclaring math symbol \Xi on input line 53.
LaTeX Font Info:    Redeclaring math symbol \Pi on input line 53.
LaTeX Font Info:    Redeclaring math symbol \Sigma on input line 53.
LaTeX Font Info:    Redeclaring math symbol \Upsilon on input line 53.
LaTeX Font Info:    Redeclaring math symbol \Phi on input line 53.
LaTeX Font Info:    Redeclaring math symbol \Psi on input line 53.
LaTeX Font Info:    Redeclaring math symbol \Omega on input line 53.
LaTeX Font Info:    Redeclaring math symbol \mathdollar on input line 53.
LaTeX Font Info:    Redeclaring symbol font `operators' on input line 53.
LaTeX Font Info:    Encoding `OT1' has changed to `EU1' for symbol font
(Font)              `operators' in the math version `normal' on input line 53.
LaTeX Font Info:    Overwriting symbol font `operators' in version `normal'
(Font)                  OT1/cmr/m/n --> EU1/MinionPro(0)/m/n on input line 53.
LaTeX Font Info:    Encoding `OT1' has changed to `EU1' for symbol font
(Font)              `operators' in the math version `bold' on input line 53.
LaTeX Font Info:    Overwriting symbol font `operators' in version `bold'
(Font)                  OT1/cmr/bx/n --> EU1/MinionPro(0)/m/n on input line 53.

LaTeX Font Info:    Overwriting symbol font `operators' in version `normal'
(Font)                  EU1/MinionPro(0)/m/n --> EU1/MinionPro(0)/m/n on input 
line 53.
LaTeX Font Info:    Overwriting math alphabet `\mathit' in version `normal'
(Font)                  OT1/cmr/m/it --> EU1/MinionPro(0)/m/it on input line 53
.
LaTeX Font Info:    Overwriting math alphabet `\mathbf' in version `normal'
(Font)                  OT1/cmr/bx/n --> EU1/MinionPro(0)/bx/n on input line 53
.
LaTeX Font Info:    Overwriting math alphabet `\mathsf' in version `normal'
(Font)                  OT1/cmss/m/n --> EU1/lmss/m/n on input line 53.
LaTeX Font Info:    Overwriting math alphabet `\mathtt' in version `normal'
(Font)                  OT1/cmtt/m/n --> EU1/lmtt/m/n on input line 53.
LaTeX Font Info:    Overwriting symbol font `operators' in version `bold'
(Font)                  EU1/MinionPro(0)/m/n --> EU1/MinionPro(0)/bx/n on input
 line 53.
LaTeX Font Info:    Overwriting math alphabet `\mathit' in version `bold'
(Font)                  OT1/cmr/bx/it --> EU1/MinionPro(0)/bx/it on input line 
53.
LaTeX Font Info:    Overwriting math alphabet `\mathsf' in version `bold'
(Font)                  OT1/cmss/bx/n --> EU1/lmss/bx/n on input line 53.
LaTeX Font Info:    Overwriting math alphabet `\mathtt' in version `bold'
(Font)                  OT1/cmtt/m/n --> EU1/lmtt/bx/n on input line 53.
\AtBeginShipoutBox=\box49
Package hyperref Info: Link coloring ON on input line 53.
(/usr/local/texlive/2016/texmf-dist/tex/latex/hyperref/nameref.sty
Package: nameref 2012/10/27 v2.43 Cross-referencing by name of section

(/usr/local/texlive/2016/texmf-dist/tex/generic/oberdiek/gettitlestring.sty
Package: gettitlestring 2016/05/16 v1.5 Cleanup title references (HO)
)
\c@section@level=\count155
)
LaTeX Info: Redefining \ref on input line 53.
LaTeX Info: Redefining \pageref on input line 53.
LaTeX Info: Redefining \nameref on input line 53.

(./titlepage.tex
File: cover_pic.png Graphic file (type QTm)
 <use  "cover_pic.png" >
LaTeX Font Info:    Try loading font information for EU1+lmtt on input line 26.


(/usr/local/texlive/2016/texmf-dist/tex/latex/euenc/eu1lmtt.fd
File: eu1lmtt.fd 2009/10/30 v1.6 Font defs for Latin Modern
)
LaTeX Font Info:    Try loading font information for U+msa on input line 26.

(/usr/local/texlive/2016/texmf-dist/tex/latex/amsfonts/umsa.fd
File: umsa.fd 2013/01/14 v3.01 AMS symbols A
)
LaTeX Font Info:    Try loading font information for U+msb on input line 26.

(/usr/local/texlive/2016/texmf-dist/tex/latex/amsfonts/umsb.fd
File: umsb.fd 2013/01/14 v3.01 AMS symbols B
))
(/usr/local/texlive/2016/texmf-dist/tex/generic/oberdiek/se-ascii-print.def
File: se-ascii-print.def 2016/05/16 v1.11 stringenc: Printable ASCII characters

)
[1

]

Package Fancyhdr Warning: \headheight is too small (12.0pt): 
 Make it at least 13.59999pt.
 We now make it that large for the rest of the document.
 This may cause the page layout to be inconsistent, however.

[2

] (./Lotka_Volterra3.toc)
\tf@toc=\write4
\openout4 = `Lotka_Volterra3.toc'.

 [3] [4

]
Chapter 1.
[5] [6

]
Chapter 2.

Overfull \hbox (271.30577pt too wide) in paragraph at lines 78--78
[]\EU1/lmtt/m/n/10.95 simulation.ode_param = [2,1,4,1];                        
                  % true ODE parameters [2 1 4 1] is used as a benchmark in man
y publications;[] 
 []


Overfull \hbox (68.18315pt too wide) in paragraph at lines 81--81
[]\EU1/lmtt/m/n/10.95 simulation.time_samp = 0:0.1:simulation.final_time;      
                  % sample times for observations[] 
 []


Overfull \hbox (35.60706pt too wide) in paragraph at lines 82--82
[]\EU1/lmtt/m/n/10.95 simulation.init_val = [5 3];                             
                  % state values at first time point[] 
 []


Overfull \hbox (169.7445pt too wide) in paragraph at lines 83--83
[]\EU1/lmtt/m/n/10.95 simulation.state_obs_idx = [1,1];                        
                  % indices of states that are directly observed (Boolean)[] 
 []


Overfull \hbox (47.10457pt too wide) in paragraph at lines 96--96
[]\EU1/lmtt/m/n/10.95 kernel.param = [10,0.2];                                 
                  % set values of rbf kernel parameters[] 
 []


Overfull \hbox (56.68575pt too wide) in paragraph at lines 103--103
[]\EU1/lmtt/m/n/10.95 state.derivative_variance = [6,6];                       
                  % gamma for gradient matching model[] 
 []


Overfull \hbox (321.12814pt too wide) in paragraph at lines 116--116
[]\EU1/lmtt/m/n/10.95 opt_settings.pseudo_inv_type = 'Moore-Penrose';          
                  % Type of pseudo inverse; options: 'Moore-Penrose' or 'modifi
ed Moore-Penrose'[] 
 []


Overfull \hbox (100.75945pt too wide) in paragraph at lines 117--117
[]\EU1/lmtt/m/n/10.95 opt_settings.coord_ascent_numb_iter = 200;               
                  % number of coordinate ascent iterations[] 
 []


Overfull \hbox (505.08813pt too wide) in paragraph at lines 118--118
[]\EU1/lmtt/m/n/10.95 opt_settings.clamp_obs_state_to_GP_fit = false;          
                  % The observed state trajectories are clamped to the trajecto
ries determined by standard GP regression (Boolean)[] 
 []


Overfull \hbox (83.51323pt too wide) in paragraph at lines 128--128
[]\EU1/lmtt/m/n/10.95 symbols.state = {'[prey]','[predator]'};                 
                  % symbols of states in 'ODEs.txt' file[] 
 []

[7]
Overfull \hbox (163.99556pt too wide) in paragraph at lines 135--135
[]\EU1/lmtt/m/n/10.95 symbols.param = {'[\theta_1]','[\theta_2]','[\theta_3]','
[\theta_4]'};     % symbols of parameters in 'ODEs.txt' file[] 
 []

[8]
Overfull \hbox (68.18301pt too wide) in paragraph at lines 219--219
[]\EU1/lmtt/m/n/10.95 ode_param.sym.mean = sym('param%d',[length(symbols.param)
,1]); assume(ode_param.sym.mean,'real');[] 
 []


LaTeX Warning: Command \nobreakspace invalid in math mode on input line 267.


LaTeX Warning: Command \nobreakspace invalid in math mode on input line 273.

[9]
Overfull \hbox (133.33546pt too wide) in paragraph at lines 304--304
[]\EU1/lmtt/m/n/10.95 [ode_param.lin_comb.B,ode_param.lin_comb.b] = rewrite_ode
s_as_linear_combination_in_parameters(ode,symbols);[] 
 []


LaTeX Font Warning: Command \boldmath invalid in math mode on input line 324.


LaTeX Font Warning: Command \mathversion invalid in math mode on input line 324
.


LaTeX Font Warning: Command \boldmath invalid in math mode on input line 324.


LaTeX Font Warning: Command \mathversion invalid in math mode on input line 324
.


LaTeX Font Warning: Command \boldmath invalid in math mode on input line 327.


LaTeX Font Warning: Command \mathversion invalid in math mode on input line 327
.


LaTeX Font Warning: Command \boldmath invalid in math mode on input line 327.


LaTeX Font Warning: Command \mathversion invalid in math mode on input line 327
.


LaTeX Warning: Command \nobreakspace invalid in math mode on input line 336.


LaTeX Warning: Command \nobreakspace invalid in math mode on input line 336.


LaTeX Warning: Command \nobreakspace invalid in math mode on input line 336.


LaTeX Warning: Command \nobreakspace invalid in math mode on input line 336.


LaTeX Warning: Command \nobreakspace invalid in math mode on input line 339.


LaTeX Warning: Command \nobreakspace invalid in math mode on input line 339.


LaTeX Warning: Command \nobreakspace invalid in math mode on input line 339.


LaTeX Warning: Command \nobreakspace invalid in math mode on input line 339.


LaTeX Warning: Command \nobreakspace invalid in math mode on input line 342.


LaTeX Warning: Command \nobreakspace invalid in math mode on input line 342.


LaTeX Warning: Command \nobreakspace invalid in math mode on input line 342.


LaTeX Warning: Command \nobreakspace invalid in math mode on input line 342.

[10]
Overfull \hbox (202.32045pt too wide) in paragraph at lines 358--358
[]\EU1/lmtt/m/n/10.95 [state.lin_comb.R,state.lin_comb.r] = rewrite_odes_as_lin
ear_combination_in_ind_states(ode,symbols,coupling_idx.states);[] 
 []


LaTeX Warning: Command \nobreakspace invalid in math mode on input line 390.


LaTeX Warning: Command \nobreakspace invalid in math mode on input line 390.


LaTeX Warning: Command \nobreakspace invalid in math mode on input line 390.


LaTeX Warning: Command \nobreakspace invalid in math mode on input line 393.


LaTeX Warning: Command \nobreakspace invalid in math mode on input line 393.


LaTeX Warning: Command \nobreakspace invalid in math mode on input line 393.


LaTeX Warning: Command \nobreakspace invalid in math mode on input line 406.


LaTeX Warning: Command \nobreakspace invalid in math mode on input line 409.


LaTeX Font Warning: Command \boldmath invalid in math mode on input line 409.


LaTeX Font Warning: Command \mathversion invalid in math mode on input line 409
.


LaTeX Warning: Command \nobreakspace invalid in math mode on input line 412.


LaTeX Font Warning: Command \boldmath invalid in math mode on input line 412.


LaTeX Font Warning: Command \mathversion invalid in math mode on input line 412
.


LaTeX Font Warning: Command \boldmath invalid in math mode on input line 418.


LaTeX Font Warning: Command \mathversion invalid in math mode on input line 418
.


LaTeX Font Warning: Command \boldmath invalid in math mode on input line 418.


LaTeX Font Warning: Command \mathversion invalid in math mode on input line 418
.

[11]

LaTeX Font Warning: Command \boldmath invalid in math mode on input line 430.


LaTeX Font Warning: Command \mathversion invalid in math mode on input line 430
.


LaTeX Warning: Command \nobreakspace invalid in math mode on input line 436.


LaTeX Font Warning: Command \boldmath invalid in math mode on input line 436.


LaTeX Font Warning: Command \mathversion invalid in math mode on input line 436
.


LaTeX Warning: Command \nobreakspace invalid in math mode on input line 436.


LaTeX Warning: Command \nobreakspace invalid in math mode on input line 439.


LaTeX Warning: Command \nobreakspace invalid in math mode on input line 439.


LaTeX Font Warning: Command \boldmath invalid in math mode on input line 446.


LaTeX Font Warning: Command \mathversion invalid in math mode on input line 446
.


LaTeX Font Warning: Command \boldmath invalid in math mode on input line 449.


LaTeX Font Warning: Command \mathversion invalid in math mode on input line 449
.


LaTeX Font Warning: Command \boldmath invalid in math mode on input line 449.


LaTeX Font Warning: Command \mathversion invalid in math mode on input line 449
.


LaTeX Font Warning: Command \boldmath invalid in math mode on input line 452.


LaTeX Font Warning: Command \mathversion invalid in math mode on input line 452
.


LaTeX Font Warning: Command \boldmath invalid in math mode on input line 452.


LaTeX Font Warning: Command \mathversion invalid in math mode on input line 452
.


LaTeX Font Warning: Command \boldmath invalid in math mode on input line 452.


LaTeX Font Warning: Command \mathversion invalid in math mode on input line 452
.


LaTeX Font Warning: Command \boldmath invalid in math mode on input line 452.


LaTeX Font Warning: Command \mathversion invalid in math mode on input line 452
.


Overfull \hbox (29.858pt too wide) in paragraph at lines 455--455
[]\EU1/lmtt/m/n/10.95 [mu,inv_sigma] = fitting_state_observations(state,inv_C,o
bs_to_state_relation,simulation);[] 
 []


Overfull \hbox (192.73956pt too wide) in paragraph at lines 466--466
[]\EU1/lmtt/m/n/10.95 state.proxy.mean = mu;                                   
                  % Initialize the state estimation by the GP regression poster
ior[] 
 []


LaTeX Warning: Command \nobreakspace invalid in math mode on input line 477.


LaTeX Warning: Command \nobreakspace invalid in math mode on input line 477.


LaTeX Warning: Command \nobreakspace invalid in math mode on input line 480.


LaTeX Warning: Command \nobreakspace invalid in math mode on input line 480.


LaTeX Warning: Command \nobreakspace invalid in math mode on input line 480.


LaTeX Warning: Command \nobreakspace invalid in math mode on input line 480.


LaTeX Warning: Command \nobreakspace invalid in math mode on input line 480.


LaTeX Warning: Command \nobreakspace invalid in math mode on input line 480.

[12]

LaTeX Warning: Command \nobreakspace invalid in math mode on input line 483.


LaTeX Warning: Command \nobreakspace invalid in math mode on input line 483.


LaTeX Warning: Command \nobreakspace invalid in math mode on input line 483.


LaTeX Warning: Command \nobreakspace invalid in math mode on input line 483.


LaTeX Warning: Command \nobreakspace invalid in math mode on input line 483.


LaTeX Warning: Command \nobreakspace invalid in math mode on input line 483.


Overfull \hbox (102.67552pt too wide) in paragraph at lines 489--489
[]    \EU1/lmtt/m/n/10.95 [param_proxy_mean,param_proxy_inv_cov] = proxy_for_od
e_parameters(state.proxy.mean,dC_times_invC,...[] 
 []

File: Lotka_Volterra_05.eps Graphic file (type eps)
<Lotka_Volterra_05.eps>
File: Lotka_Volterra_06.eps Graphic file (type eps)
 <Lotka_Volterra_06.eps>
File: Lotka_Volterra_07.eps Graphic file (type eps)
 <Lotka_Volterra_07.eps>
File: Lotka_Volterra_08.eps Graphic file (type eps)

<Lotka_Volterra_08.eps>
Underfull \vbox (badness 3492) has occurred while \output is active []

 [13]
File: Lotka_Volterra_09.eps Graphic file (type eps)

<Lotka_Volterra_09.eps>
File: Lotka_Volterra_10.eps Graphic file (type eps)
 <Lotka_Volterra_10.eps>
File: Lotka_Volterra_11.eps Graphic file (type eps)
 <Lotka_Volterra_11.eps>
File: Lotka_Volterra_12.eps Graphic file (type eps)

<Lotka_Volterra_12.eps>
Underfull \vbox (badness 10000) has occurred while \output is active []

 [14]
File: Lotka_Volterra_13.eps Graphic file (type eps)

<Lotka_Volterra_13.eps>
File: Lotka_Volterra_14.eps Graphic file (type eps)
 <Lotka_Volterra_14.eps>
File: Lotka_Volterra_15.eps Graphic file (type eps)
 <Lotka_Volterra_15.eps>

LaTeX Warning: Command \nobreakspace invalid in math mode on input line 527.


LaTeX Warning: Command \nobreakspace invalid in math mode on input line 527.


LaTeX Warning: Command \nobreakspace invalid in math mode on input line 530.


LaTeX Warning: Command \nobreakspace invalid in math mode on input line 530.


LaTeX Warning: Command \nobreakspace invalid in math mode on input line 530.


LaTeX Warning: Command \nobreakspace invalid in math mode on input line 530.


LaTeX Font Warning: Command \boldmath invalid in math mode on input line 530.


LaTeX Font Warning: Command \mathversion invalid in math mode on input line 530
.


LaTeX Warning: Command \nobreakspace invalid in math mode on input line 533.


LaTeX Warning: Command \nobreakspace invalid in math mode on input line 533.


LaTeX Warning: Command \nobreakspace invalid in math mode on input line 533.


LaTeX Warning: Command \nobreakspace invalid in math mode on input line 533.


LaTeX Font Warning: Command \boldmath invalid in math mode on input line 533.


LaTeX Font Warning: Command \mathversion invalid in math mode on input line 533
.


Underfull \vbox (badness 10000) has occurred while \output is active []

 [15]
Overfull \hbox (85.42928pt too wide) in paragraph at lines 539--539
[]    \EU1/lmtt/m/n/10.95 [state.proxy.mean,state.proxy.inv_cov] = proxy_for_in
d_states(state.lin_comb,state.proxy.mean,...[] 
 []


Overfull \hbox (64.35056pt too wide) in paragraph at lines 540--540
[]        \EU1/lmtt/m/n/10.95 param_proxy_mean',dC_times_invC,coupling_idx.stat
es,symbols,mu,inv_sigma,state.obs_idx,...[] 
 []

File: Lotka_Volterra_16.eps Graphic file (type eps)
<Lotka_Volterra_16.eps>
Overfull \hbox (61.06558pt too wide) in paragraph at lines 575--575
 []\EU1/lmtt/m/n/10.95 https://papers.nips.cc/paper/7066-scalable-variational-i
nference-for-dynamical-systems.pdf[] 
 []


LaTeX Warning: Characters dropped after `\end{verbatim}' on input line 575.


Overfull \hbox (78.31183pt too wide) in paragraph at lines 576--576
 []\EU1/lmtt/m/n/10.95 https://papers.nips.cc/paper/7274-efficient-and-flexible
-inference-for-stochastic-systems.pdf[] 
 []

[16]
Overfull \hbox (16.44427pt too wide) in paragraph at lines 609--609
[]\EU1/lmtt/m/n/10.95 function [dC_times_invC,inv_C,A_plus_gamma_inv] = kernel_
function(kernel,state,time_est)[] 
 []


Overfull \hbox (163.99553pt too wide) in paragraph at lines 614--614
[]\EU1/lmtt/m/n/10.95 kernel.time1 = sym('time1'); assume(kernel.time1,'real');
 kernel.time2 = sym('time2'); assume(kernel.time2,'real');[] 
 []


Overfull \hbox (225.31557pt too wide) in paragraph at lines 615--615
[]\EU1/lmtt/m/n/10.95 kernel.func = kernel.param_sym(1).*exp(-(kernel.time1-ker
nel.time2).^2./(kernel.param_sym(2).^2));                      % RBF kernel[] 
 []


Overfull \hbox (39.43929pt too wide) in paragraph at lines 626--626
[]    \EU1/lmtt/m/n/10.95 GP.fun = matlabFunction(kernel.func,'Vars',{kernel.ti
me1,kernel.time2,kernel.param_sym});[] 
 []


Overfull \hbox (62.43428pt too wide) in paragraph at lines 627--627
[]    \EU1/lmtt/m/n/10.95 GP.fun_d = matlabFunction(kernel.func_d,'Vars',{kerne
l.time1,kernel.time2,kernel.param_sym});[] 
 []


Overfull \hbox (73.93178pt too wide) in paragraph at lines 628--628
[]    \EU1/lmtt/m/n/10.95 GP.fun_dd = matlabFunction(kernel.func_dd,'Vars',{ker
nel.time1,kernel.time2,kernel.param_sym});[] 
 []


Overfull \hbox (141.00053pt too wide) in paragraph at lines 649--649
[]\EU1/lmtt/m/n/10.95 if any(diag(D)<1e-6); C(logical(eye(size(C,1)))) = C(logi
cal(eye(size(C,1)))) + perturb.*rand(size(C,1),1); end[] 
 []


Overfull \hbox (160.16306pt too wide) in paragraph at lines 651--651
[]\EU1/lmtt/m/n/10.95 if any(diag(D)<0); error('C has negative eigenvalues!'); 
elseif any(diag(D)<1e-6); warning('C is badly scaled'); end[] 
 []

[17]
File: Lotka_Volterra_04.eps Graphic file (type eps)
 <Lotka_Volterra_04.eps>
Overfull \hbox (50.93686pt too wide) in paragraph at lines 675--675
[]\EU1/lmtt/m/n/10.95 A_plus_gamma = 0.5.*(A_plus_gamma+A_plus_gamma');        
    % ensure that A plus gamma is symmetric[] 
 []


LaTeX Font Warning: Command \boldmath invalid in math mode on input line 690.


LaTeX Font Warning: Command \mathversion invalid in math mode on input line 690
.


LaTeX Font Warning: Command \boldmath invalid in math mode on input line 690.


LaTeX Font Warning: Command \mathversion invalid in math mode on input line 690
.


LaTeX Font Warning: Command \boldmath invalid in math mode on input line 693.


LaTeX Font Warning: Command \mathversion invalid in math mode on input line 693
.


LaTeX Font Warning: Command \boldmath invalid in math mode on input line 693.


LaTeX Font Warning: Command \mathversion invalid in math mode on input line 693
.


LaTeX Font Warning: Command \boldmath invalid in math mode on input line 693.


LaTeX Font Warning: Command \mathversion invalid in math mode on input line 693
.


LaTeX Font Warning: Command \boldmath invalid in math mode on input line 693.


LaTeX Font Warning: Command \mathversion invalid in math mode on input line 693
.


Overfull \hbox (85.42924pt too wide) in paragraph at lines 696--696
[]\EU1/lmtt/m/n/10.95 function [mu_u,inv_sigma_u,state] = fitting_state_observa
tions(state,inv_C,obs_to_state_relation,...[] 
 []


LaTeX Font Warning: Command \boldmath invalid in math mode on input line 716.


LaTeX Font Warning: Command \mathversion invalid in math mode on input line 716
.

[18]

LaTeX Font Warning: Command \boldmath invalid in math mode on input line 724.


LaTeX Font Warning: Command \mathversion invalid in math mode on input line 724
.


LaTeX Font Warning: Command \boldmath invalid in math mode on input line 724.


LaTeX Font Warning: Command \mathversion invalid in math mode on input line 724
.


LaTeX Font Warning: Command \boldmath invalid in math mode on input line 735.


LaTeX Font Warning: Command \mathversion invalid in math mode on input line 735
.


LaTeX Font Warning: Command \boldmath invalid in math mode on input line 735.


LaTeX Font Warning: Command \mathversion invalid in math mode on input line 735
.

[19]
Overfull \hbox (33.6905pt too wide) in paragraph at lines 848--848
[]\EU1/lmtt/m/n/10.95 function [R,r] = rewrite_odes_as_linear_combination_in_in
d_states(ode,symbols,coupling_idx)[] 
 []


Overfull \hbox (37.52306pt too wide) in paragraph at lines 867--867
[]        \EU1/lmtt/m/n/10.95 [R_sym,r_sym] = equationsToMatrix(ode.system{k}(s
tate_sym,param_sym'),state_sym(:,u));[] 
 []

[20]

LaTeX Warning: Command \nobreakspace invalid in math mode on input line 884.


LaTeX Warning: Command \nobreakspace invalid in math mode on input line 884.


LaTeX Warning: Command \nobreakspace invalid in math mode on input line 884.


LaTeX Warning: Command \nobreakspace invalid in math mode on input line 884.


LaTeX Warning: Command \nobreakspace invalid in math mode on input line 884.


LaTeX Warning: Command \nobreakspace invalid in math mode on input line 884.


Overfull \hbox (56.68552pt too wide) in paragraph at lines 887--887
[]\EU1/lmtt/m/n/10.95 function [param_proxy_mean,param_proxy_inv_cov] = proxy_f
or_ode_parameters(state_proxy_mean,...[] 
 []


LaTeX Warning: Command \nobreakspace invalid in math mode on input line 927.


LaTeX Warning: Command \nobreakspace invalid in math mode on input line 943.

[21]
Overfull \hbox (278.97044pt too wide) in paragraph at lines 981--981
[]    \EU1/lmtt/m/n/10.95 param_proxy_inv_cov(logical(eye(size(param_proxy_inv_
cov,1)))) = param_proxy_inv_cov(logical(eye(size(param_proxy_inv_cov,1)))) ...[
] 
 []


LaTeX Warning: Command \nobreakspace invalid in math mode on input line 987.


Overfull \hbox (60.23189pt too wide) in paragraph at lines 987--989
[]\EU1/MinionPro(0)/m/n/10.95 Mean of parameter proxy distribution (option: Moo
re-penrose inverse example): $[][] []$
 []


LaTeX Warning: Command \nobreakspace invalid in math mode on input line 1002.


LaTeX Warning: Command \nobreakspace invalid in math mode on input line 1002.


LaTeX Warning: Command \nobreakspace invalid in math mode on input line 1002.


LaTeX Warning: Command \nobreakspace invalid in math mode on input line 1002.


LaTeX Font Warning: Command \boldmath invalid in math mode on input line 1005.


LaTeX Font Warning: Command \mathversion invalid in math mode on input line 100
5.


Overfull \hbox (85.42926pt too wide) in paragraph at lines 1008--1008
[]\EU1/lmtt/m/n/10.95 function [state_proxy_mean,state_proxy_inv_cov] = proxy_f
or_ind_states(lin_comb,state_proxy_mean,...[] 
 []

[22] [23]
Overfull \hbox (127.58682pt too wide) in paragraph at lines 1105--1105
[]    \EU1/lmtt/m/n/10.95 state_proxy_mean(:,u) = (global_scaling + inv_sigma(:
,:,u)) \ (global_mean + (inv_sigma(:,:,u) * mu(:,u)));[] 
 []


Overfull \hbox (211.90178pt too wide) in paragraph at lines 1143--1143
[]\EU1/lmtt/m/n/10.95 for u = 1:length(symbols.state); ode.refined{k} = strrep(
ode.refined{k},[symbols.state{u}],['state(:,' num2str(u) ')']); end[] 
 []


Overfull \hbox (188.90678pt too wide) in paragraph at lines 1144--1144
[]\EU1/lmtt/m/n/10.95 for j = 1:length(symbols.param); ode.refined{k} = strrep(
ode.refined{k},symbols.param{j},['param(' num2str(j) ')']); end[] 
 []


Overfull \hbox (73.9318pt too wide) in paragraph at lines 1146--1146
[]\EU1/lmtt/m/n/10.95 for k = 1:length(ode.refined); ode.system{k} = str2func([
'@(state,param)(' ode.refined{k} ')']); end[] 
 []


Overfull \hbox (8.77951pt too wide) in paragraph at lines 1166--1166
[]\EU1/lmtt/m/n/10.95 TTT=length(simulation.time_samp);                        
                  % number of sampled points[] 
 []


Overfull \hbox (148.66553pt too wide) in paragraph at lines 1167--1167
[]\EU1/lmtt/m/n/10.95 itrue=round(simulation.time_samp./simulation.int_interval
+ones(1,TTT));    % Index of sample time in the true time[] 
 []

[24]
Overfull \hbox (96.92677pt too wide) in paragraph at lines 1186--1186
[]\EU1/lmtt/m/n/10.95 [~,OutX_solver]=ode45(@(t,x) ode_system_mat(x,simulation.
ode_param'), time.true, simulation.init_val);[] 
 []


Overfull \hbox (10.69554pt too wide) in paragraph at lines 1206--1206
[]\EU1/lmtt/m/n/10.95 function [state,time,obs_to_state_relation] = generate_st
ate_obs(state,time,simulation)[] 
 []


Overfull \hbox (148.6655pt too wide) in paragraph at lines 1223--1223
[]    \EU1/lmtt/m/n/10.95 time.ind = sub2ind([length(simulation.time_samp),leng
th(time.est)],1:length(simulation.time_samp),time.idx);[] 
 []


Overfull \hbox (79.68051pt too wide) in paragraph at lines 1226--1226
[]    \EU1/lmtt/m/n/10.95 time.ind = sub2ind([length(time.est),length(simulatio
n.time_samp)],1:length(time.est),time.idx);[] 
 []


Overfull \hbox (334.54172pt too wide) in paragraph at lines 1228--1228
[]\EU1/lmtt/m/n/10.95 time.obs_time_to_state_time_relation = zeros(length(simul
ation.time_samp),length(time.est)); time.obs_time_to_state_time_relation(time.i
nd) = 1;[] 
 []


Overfull \hbox (1.11427pt too wide) in paragraph at lines 1230--1230
[]\EU1/lmtt/m/n/10.95 obs_to_state_relation = sparse(kron(state_mat,time.obs_ti
me_to_state_time_relation));[] 
 []

[25]
Overfull \hbox (10.69557pt too wide) in paragraph at lines 1265--1265
[]\EU1/lmtt/m/n/10.95 h_param = subplot(1,3,1); h_param.FontSize = 20; h_param.
Title.String = 'ODE parameters';[] 
 []


Overfull \hbox (209.98553pt too wide) in paragraph at lines 1277--1277
[]    \EU1/lmtt/m/n/10.95 h_states{u} = subplot(1,3,u+1); cla; p.true = plot(ti
me.true,state.true_all(:,u),'LineWidth',2,'Color',[217,95,2]./255);[] 
 []


Overfull \hbox (116.08928pt too wide) in paragraph at lines 1278--1278
[]    \EU1/lmtt/m/n/10.95 hold on; p.obs = plot(simulation.time_samp,state.obs(
:,u),'*','Color',[217,95,2]./255,'MarkerSize',10);[] 
 []


Overfull \hbox (263.64052pt too wide) in paragraph at lines 1279--1279
[]    \EU1/lmtt/m/n/10.95 h_states{u}.FontSize = 20; h_states{u}.Title.String =
 symbols.state{u}(2:end-1); h_states{u}.XLim = [min(time.est),max(time.est)];[]
 
 []


Overfull \hbox (31.77428pt too wide) in paragraph at lines 1297--1297
[]\EU1/lmtt/m/n/10.95 function plot_results(h_states,h_param,state,time,simulat
ion,param_proxy_mean,p,plot_type)[] 
 []


Overfull \hbox (282.80301pt too wide) in paragraph at lines 1304--1304
[]        \EU1/lmtt/m/n/10.95 shaded_region = [state.proxy.mean(:,u)+1*sqrt(sta
te_proxy_variance); flip(state.proxy.mean(:,u)-1*sqrt(state_proxy_variance),1)]
;[] 
 []


Overfull \hbox (190.82306pt too wide) in paragraph at lines 1305--1305
[]        \EU1/lmtt/m/n/10.95 f = fill(h_states{u},[time.est'; flip(time.est',1
)], shaded_region, [222,235,247]/255); set(f,'EdgeColor','None');[] 
 []


Overfull \hbox (89.26181pt too wide) in paragraph at lines 1308--1308
[]        \EU1/lmtt/m/n/10.95 p.true = plot(h_states{u},time.true,state.true_al
l(:,u),'LineWidth',2,'Color',[217,95,2]./255);[] 
 []


Overfull \hbox (152.49805pt too wide) in paragraph at lines 1311--1311
[]        \EU1/lmtt/m/n/10.95 p.obs = plot(h_states{u},simulation.time_samp,sta
te.obs(:,u),'*','Color',[217,95,2]./255,'MarkerSize',10);[] 
 []


Overfull \hbox (154.4143pt too wide) in paragraph at lines 1314--1314
[]        \EU1/lmtt/m/n/10.95 hold on; p.est = plot(h_states{u},time.est,state.
proxy.mean(:,u),'Color',[117,112,179]./255,'LineWidth',2);[] 
 []


Overfull \hbox (137.16806pt too wide) in paragraph at lines 1317--1317
[]        \EU1/lmtt/m/n/10.95 hold on; p.est = plot(h_states{u},time.est,state.
proxy.mean(:,u),'LineWidth',0.1,'Color',[0.8,0.8,0.8]);[] 
 []


Overfull \hbox (77.76428pt too wide) in paragraph at lines 1320--1320
[]    \EU1/lmtt/m/n/10.95 legend(h_states{u},[p.true,p.obs,p.est],{'true','obse
rved','estimate'},'Location','southwest');[] 
 []

[26]
Overfull \hbox (79.6805pt too wide) in paragraph at lines 1324--1324
[]\EU1/lmtt/m/n/10.95 cla(h_param); b = bar(h_param,1:length(param_proxy_mean),
[simulation.ode_param',param_proxy_mean]);[] 
 []

Package atveryend Info: Empty hook `BeforeClearDocument' on input line 1336.
[27]
Package atveryend Info: Empty hook `AfterLastShipout' on input line 1336.
 (./Lotka_Volterra3.aux)
Package atveryend Info: Empty hook `AtVeryEndDocument' on input line 1336.
Package atveryend Info: Empty hook `AtEndAfterFileList' on input line 1336.
Package atveryend Info: Empty hook `AtVeryVeryEnd' on input line 1336.
 ) 
Here is how much of TeX's memory you used:
 23395 strings out of 493591
 412875 string characters out of 6143546
 442079 words of memory out of 5000000
 26578 multiletter control sequences out of 15000+600000
 11642 words of font info for 70 fonts, out of 8000000 for 9000
 1347 hyphenation exceptions out of 8191
 36i,13n,62p,10375b,459s stack positions out of 5000i,500n,10000p,200000b,80000s

Output written on Lotka_Volterra3.pdf (27 pages).
