This is XeTeX, Version 3.14159265-2.6-0.99996 (TeX Live 2016) (preloaded format=xelatex 2017.4.19)  8 MAY 2018 09:38
entering extended mode
 restricted \write18 enabled.
 %&-line parsing enabled.
**Code_Documentation_for_Variational_Gradient_Matching.tex
(./Code_Documentation_for_Variational_Gradient_Matching.tex
LaTeX2e <2016/03/31>
Babel <3.9r> and hyphenation patterns for 83 language(s) loaded.
(/usr/local/texlive/2016/texmf-dist/tex/latex/base/book.cls
Document Class: book 2014/09/29 v1.4h Standard LaTeX document class
(/usr/local/texlive/2016/texmf-dist/tex/latex/base/bk11.clo
File: bk11.clo 2014/09/29 v1.4h Standard LaTeX file (size option)
)
\c@part=\count79
\c@chapter=\count80
\c@section=\count81
\c@subsection=\count82
\c@subsubsection=\count83
\c@paragraph=\count84
\c@subparagraph=\count85
\c@figure=\count86
\c@table=\count87
\abovecaptionskip=\skip41
\belowcaptionskip=\skip42
\bibindent=\dimen102
)
(/usr/local/texlive/2016/texmf-dist/tex/latex/graphics/graphicx.sty
Package: graphicx 2014/10/28 v1.0g Enhanced LaTeX Graphics (DPC,SPQR)

(/usr/local/texlive/2016/texmf-dist/tex/latex/graphics/keyval.sty
Package: keyval 2014/10/28 v1.15 key=value parser (DPC)
\KV@toks@=\toks14
)
(/usr/local/texlive/2016/texmf-dist/tex/latex/graphics/graphics.sty
Package: graphics 2016/05/09 v1.0r Standard LaTeX Graphics (DPC,SPQR)

(/usr/local/texlive/2016/texmf-dist/tex/latex/graphics/trig.sty
Package: trig 2016/01/03 v1.10 sin cos tan (DPC)
)
(/usr/local/texlive/2016/texmf-dist/tex/latex/graphics-cfg/graphics.cfg
File: graphics.cfg 2016/01/02 v1.10 sample graphics configuration
)
Package graphics Info: Driver file: xetex.def on input line 96.

(/usr/local/texlive/2016/texmf-dist/tex/xelatex/xetex-def/xetex.def
File: xetex.def 2016/04/06 v4.08 LaTeX color/graphics driver for XeTeX (TeX Liv
e/RRM/JK)

(/usr/local/texlive/2016/texmf-dist/tex/generic/oberdiek/infwarerr.sty
Package: infwarerr 2016/05/16 v1.4 Providing info/warning/error messages (HO)
)
(/usr/local/texlive/2016/texmf-dist/tex/generic/oberdiek/ltxcmds.sty
Package: ltxcmds 2016/05/16 v1.23 LaTeX kernel commands for general use (HO)
)))
\Gin@req@height=\dimen103
\Gin@req@width=\dimen104
)
(/usr/local/texlive/2016/texmf-dist/tex/latex/graphics/color.sty
Package: color 2016/05/09 v1.1c Standard LaTeX Color (DPC)

(/usr/local/texlive/2016/texmf-dist/tex/latex/graphics-cfg/color.cfg
File: color.cfg 2016/01/02 v1.6 sample color configuration
)
Package color Info: Driver file: xetex.def on input line 144.
)
(/usr/local/texlive/2016/texmf-dist/tex/latex/geometry/geometry.sty
Package: geometry 2010/09/12 v5.6 Page Geometry

(/usr/local/texlive/2016/texmf-dist/tex/generic/oberdiek/ifpdf.sty
Package: ifpdf 2016/05/14 v3.1 Provides the ifpdf switch
)
(/usr/local/texlive/2016/texmf-dist/tex/generic/oberdiek/ifvtex.sty
Package: ifvtex 2016/05/16 v1.6 Detect VTeX and its facilities (HO)
Package ifvtex Info: VTeX not detected.
)
(/usr/local/texlive/2016/texmf-dist/tex/generic/ifxetex/ifxetex.sty
Package: ifxetex 2010/09/12 v0.6 Provides ifxetex conditional
)
\Gm@cnth=\count88
\Gm@cntv=\count89
\c@Gm@tempcnt=\count90
\Gm@bindingoffset=\dimen105
\Gm@wd@mp=\dimen106
\Gm@odd@mp=\dimen107
\Gm@even@mp=\dimen108
\Gm@layoutwidth=\dimen109
\Gm@layoutheight=\dimen110
\Gm@layouthoffset=\dimen111
\Gm@layoutvoffset=\dimen112
\Gm@dimlist=\toks15
)
(/usr/local/texlive/2016/texmf-dist/tex/latex/amsmath/amsmath.sty
Package: amsmath 2016/03/10 v2.15b AMS math features
\@mathmargin=\skip43

For additional information on amsmath, use the `?' option.
(/usr/local/texlive/2016/texmf-dist/tex/latex/amsmath/amstext.sty
Package: amstext 2000/06/29 v2.01 AMS text

(/usr/local/texlive/2016/texmf-dist/tex/latex/amsmath/amsgen.sty
File: amsgen.sty 1999/11/30 v2.0 generic functions
\@emptytoks=\toks16
\ex@=\dimen113
))
(/usr/local/texlive/2016/texmf-dist/tex/latex/amsmath/amsbsy.sty
Package: amsbsy 1999/11/29 v1.2d Bold Symbols
\pmbraise@=\dimen114
)
(/usr/local/texlive/2016/texmf-dist/tex/latex/amsmath/amsopn.sty
Package: amsopn 2016/03/08 v2.02 operator names
)
\inf@bad=\count91
LaTeX Info: Redefining \frac on input line 199.
\uproot@=\count92
\leftroot@=\count93
LaTeX Info: Redefining \overline on input line 297.
\classnum@=\count94
\DOTSCASE@=\count95
LaTeX Info: Redefining \ldots on input line 394.
LaTeX Info: Redefining \dots on input line 397.
LaTeX Info: Redefining \cdots on input line 518.
\Mathstrutbox@=\box26
\strutbox@=\box27
\big@size=\dimen115
LaTeX Font Info:    Redeclaring font encoding OML on input line 634.
LaTeX Font Info:    Redeclaring font encoding OMS on input line 635.
\macc@depth=\count96
\c@MaxMatrixCols=\count97
\dotsspace@=\muskip10
\c@parentequation=\count98
\dspbrk@lvl=\count99
\tag@help=\toks17
\row@=\count100
\column@=\count101
\maxfields@=\count102
\andhelp@=\toks18
\eqnshift@=\dimen116
\alignsep@=\dimen117
\tagshift@=\dimen118
\tagwidth@=\dimen119
\totwidth@=\dimen120
\lineht@=\dimen121
\@envbody=\toks19
\multlinegap=\skip44
\multlinetaggap=\skip45
\mathdisplay@stack=\toks20
LaTeX Info: Redefining \[ on input line 2739.
LaTeX Info: Redefining \] on input line 2740.
)
(/usr/local/texlive/2016/texmf-dist/tex/latex/amsfonts/amssymb.sty
Package: amssymb 2013/01/14 v3.01 AMS font symbols

(/usr/local/texlive/2016/texmf-dist/tex/latex/amsfonts/amsfonts.sty
Package: amsfonts 2013/01/14 v3.01 Basic AMSFonts support
\symAMSa=\mathgroup4
\symAMSb=\mathgroup5
LaTeX Font Info:    Overwriting math alphabet `\mathfrak' in version `bold'
(Font)                  U/euf/m/n --> U/euf/b/n on input line 106.
))
(/usr/local/texlive/2016/texmf-dist/tex/latex/amscls/amsthm.sty
Package: amsthm 2015/03/04 v2.20.2
\thm@style=\toks21
\thm@bodyfont=\toks22
\thm@headfont=\toks23
\thm@notefont=\toks24
\thm@headpunct=\toks25
\thm@preskip=\skip46
\thm@postskip=\skip47
\thm@headsep=\skip48
\dth@everypar=\toks26
)
(/usr/local/texlive/2016/texmf-dist/tex/latex/base/inputenc.sty
Package: inputenc 2015/03/17 v1.2c Input encoding file
\inpenc@prehook=\toks27
\inpenc@posthook=\toks28


Package inputenc Warning: inputenc package ignored with utf8 based engines.

) (/usr/local/texlive/2016/texmf-dist/tex/latex/tools/verbatim.sty
Package: verbatim 2014/10/28 v1.5q LaTeX2e package for verbatim enhancements
\every@verbatim=\toks29
\verbatim@line=\toks30
\verbatim@in@stream=\read1
)
(/usr/local/texlive/2016/texmf-dist/tex/latex/fontspec/fontspec.sty
(/usr/local/texlive/2016/texmf-dist/tex/latex/l3kernel/expl3.sty
Package: expl3 2016/05/18 v6512 L3 programming layer (loader) 

(/usr/local/texlive/2016/texmf-dist/tex/latex/l3kernel/expl3-code.tex
Package: expl3 2016/05/18 v6512 L3 programming layer (code)
L3 Module: l3bootstrap 2016/02/12 v6412 L3 Bootstrap code
L3 Module: l3names 2016/03/11 v6433 L3 Namespace for primitives
L3 Module: l3basics 2015/11/22 v6315 L3 Basic definitions
L3 Module: l3expan 2015/09/10 v5983 L3 Argument expansion
L3 Module: l3tl 2016/03/26 v6465 L3 Token lists
L3 Module: l3str 2016/03/24 v6441 L3 Strings
L3 Module: l3seq 2015/08/05 v5777 L3 Sequences and stacks
L3 Module: l3int 2016/03/24 v6441 L3 Integers
\c_max_int=\count103
\l_tmpa_int=\count104
\l_tmpb_int=\count105
\g_tmpa_int=\count106
\g_tmpb_int=\count107
L3 Module: l3quark 2015/08/17 v5855 L3 Quarks
L3 Module: l3prg 2015/11/01 v6216 L3 Control structures
\g__prg_map_int=\count108
L3 Module: l3clist 2015/09/02 v5901 L3 Comma separated lists
L3 Module: l3token 2016/04/03 v6470 L3 Experimental token manipulation
L3 Module: l3prop 2016/01/05 v6366 L3 Property lists
L3 Module: l3msg 2016/03/26 v6464 L3 Messages
L3 Module: l3file 2016/03/25 v6458 L3 File and I/O operations
\l_iow_line_count_int=\count109
\l__iow_target_count_int=\count110
\l__iow_current_line_int=\count111
\l__iow_current_word_int=\count112
\l__iow_current_indentation_int=\count113
L3 Module: l3skip 2016/01/05 v6366 L3 Dimensions and skips
\c_zero_dim=\dimen122
\c_max_dim=\dimen123
\l_tmpa_dim=\dimen124
\l_tmpb_dim=\dimen125
\g_tmpa_dim=\dimen126
\g_tmpb_dim=\dimen127
\c_zero_skip=\skip49
\c_max_skip=\skip50
\l_tmpa_skip=\skip51
\l_tmpb_skip=\skip52
\g_tmpa_skip=\skip53
\g_tmpb_skip=\skip54
\c_zero_muskip=\muskip11
\c_max_muskip=\muskip12
\l_tmpa_muskip=\muskip13
\l_tmpb_muskip=\muskip14
\g_tmpa_muskip=\muskip15
\g_tmpb_muskip=\muskip16
L3 Module: l3keys 2015/11/17 v6284 L3 Key-value interfaces
\g__keyval_level_int=\count114
\l_keys_choice_int=\count115
L3 Module: l3fp 2016/03/26 v6465 L3 Floating points
\c__fp_leading_shift_int=\count116
\c__fp_middle_shift_int=\count117
\c__fp_trailing_shift_int=\count118
\c__fp_big_leading_shift_int=\count119
\c__fp_big_middle_shift_int=\count120
\c__fp_big_trailing_shift_int=\count121
\c__fp_Bigg_leading_shift_int=\count122
\c__fp_Bigg_middle_shift_int=\count123
\c__fp_Bigg_trailing_shift_int=\count124
L3 Module: l3box 2015/08/09 v5822 L3 Experimental boxes
\c_empty_box=\box28
\l_tmpa_box=\box29
\l_tmpb_box=\box30
\g_tmpa_box=\box31
\g_tmpb_box=\box32
L3 Module: l3coffins 2016/05/17 v6508 L3 Coffin code layer
\l__coffin_internal_box=\box33
\l__coffin_internal_dim=\dimen128
\l__coffin_offset_x_dim=\dimen129
\l__coffin_offset_y_dim=\dimen130
\l__coffin_x_dim=\dimen131
\l__coffin_y_dim=\dimen132
\l__coffin_x_prime_dim=\dimen133
\l__coffin_y_prime_dim=\dimen134
\c_empty_coffin=\box34
\l__coffin_aligned_coffin=\box35
\l__coffin_aligned_internal_coffin=\box36
\l_tmpa_coffin=\box37
\l_tmpb_coffin=\box38
\l__coffin_display_coffin=\box39
\l__coffin_display_coord_coffin=\box40
\l__coffin_display_pole_coffin=\box41
\l__coffin_display_offset_dim=\dimen135
\l__coffin_display_x_dim=\dimen136
\l__coffin_display_y_dim=\dimen137
L3 Module: l3color 2014/08/23 v5354 L3 Experimental color support
L3 Module: l3sys 2015/09/25 v6087 L3 Experimental system/runtime functions
L3 Module: l3candidates 2016/05/13 v6484 L3 Experimental additions to l3kernel
\l__box_top_dim=\dimen138
\l__box_bottom_dim=\dimen139
\l__box_left_dim=\dimen140
\l__box_right_dim=\dimen141
\l__box_top_new_dim=\dimen142
\l__box_bottom_new_dim=\dimen143
\l__box_left_new_dim=\dimen144
\l__box_right_new_dim=\dimen145
\l__box_internal_box=\box42
\l__coffin_bounding_shift_dim=\dimen146
\l__coffin_left_corner_dim=\dimen147
\l__coffin_right_corner_dim=\dimen148
\l__coffin_bottom_corner_dim=\dimen149
\l__coffin_top_corner_dim=\dimen150
\l__coffin_scaled_total_height_dim=\dimen151
\l__coffin_scaled_width_dim=\dimen152
L3 Module: l3luatex 2016/03/26 v6465 L3 Experimental LuaTeX-specific functions
)
(/usr/local/texlive/2016/texmf-dist/tex/latex/l3kernel/l3xdvipdfmx.def
File: l3xdvidpfmx.def 2016/03/26 v6465 L3 Experimental driver: xdvipdfmx
\l__driver_tmp_box=\box43
))
(/usr/local/texlive/2016/texmf-dist/tex/latex/l3packages/xparse/xparse.sty
Package: xparse 2016/05/18 v6512 L3 Experimental document command parser
\l__xparse_current_arg_int=\count125
\l__xparse_m_args_int=\count126
\l__xparse_mandatory_args_int=\count127
\l__xparse_processor_int=\count128
\l__xparse_v_nesting_int=\count129
)
Package: fontspec 2016/02/01 v2.5a Font selection for XeLaTeX and LuaLaTeX

(/usr/local/texlive/2016/texmf-dist/tex/latex/fontspec/fontspec-xetex.sty
Package: fontspec-xetex 2016/02/01 v2.5a Font selection for XeLaTeX and LuaLaTe
X
\l_fontspec_script_int=\count130
\l_fontspec_language_int=\count131
\l_fontspec_strnum_int=\count132
\l__fontspec_tmpa_dim=\dimen153
\l__fontspec_tmpb_dim=\dimen154
\l__fontspec_tmpc_dim=\dimen155
\g__file_internal_ior=\read2

(/usr/local/texlive/2016/texmf-dist/tex/latex/base/fontenc.sty
Package: fontenc 2005/09/27 v1.99g Standard LaTeX package

(/usr/local/texlive/2016/texmf-dist/tex/latex/euenc/eu1enc.def
File: eu1enc.def 2010/05/27 v0.1h Experimental Unicode font encodings
)
LaTeX Font Info:    Try loading font information for EU1+lmr on input line 105.


(/usr/local/texlive/2016/texmf-dist/tex/latex/euenc/eu1lmr.fd
File: eu1lmr.fd 2009/10/30 v1.6 Font defs for Latin Modern
))
(/usr/local/texlive/2016/texmf-dist/tex/xelatex/xunicode/xunicode.sty
File: xunicode.sty 2011/09/09 v0.981 provides access to latin accents and many 
other characters in Unicode lower plane

*** you should *not* be loading the inputenc package
*** XeTeX expects the source to be in UTF8 encoding
*** some features of other encodings may conflict, resulting in poor output.
(/usr/local/texlive/2016/texmf-dist/tex/latex/tipa/t3enc.def
File: t3enc.def 2001/12/31 T3 encoding
LaTeX Font Info:    Try loading font information for EU1+lmss on input line 357
.

(/usr/local/texlive/2016/texmf-dist/tex/latex/euenc/eu1lmss.fd
File: eu1lmss.fd 2009/10/30 v1.6 Font defs for Latin Modern
))
\tipaTiiicode=\count133
\tipasavetokens=\toks31
\tipachecktokens=\toks32
)
.................................................
. LaTeX info: "xparse/define-command"
. 
. Defining command \__fontspec_post_arg:w with sig. 'mmO{}' on line 353.
.................................................
.................................................
. LaTeX info: "xparse/define-command"
. 
. Defining command \fontspec with sig. 'om' on line 355.
.................................................
.................................................
. LaTeX info: "xparse/define-command"
. 
. Defining command \setmainfont with sig. 'om' on line 365.
.................................................
.................................................
. LaTeX info: "xparse/define-command"
. 
. Defining command \setsansfont with sig. 'om' on line 375.
.................................................
.................................................
. LaTeX info: "xparse/define-command"
. 
. Defining command \setmonofont with sig. 'om' on line 385.
.................................................
.................................................
. LaTeX info: "xparse/define-command"
. 
. Defining command \setmathrm with sig. 'om' on line 399.
.................................................
.................................................
. LaTeX info: "xparse/define-command"
. 
. Defining command \setboldmathrm with sig. 'om' on line 407.
.................................................
.................................................
. LaTeX info: "xparse/define-command"
. 
. Defining command \setmathsf with sig. 'om' on line 415.
.................................................
.................................................
. LaTeX info: "xparse/define-command"
. 
. Defining command \setmathtt with sig. 'om' on line 423.
.................................................
.................................................
. LaTeX info: "xparse/define-command"
. 
. Defining command \newfontfamily with sig. 'mom' on line 437.
.................................................
.................................................
. LaTeX info: "xparse/define-command"
. 
. Defining command \newfontface with sig. 'mom' on line 453.
.................................................
.................................................
. LaTeX info: "xparse/define-command"
. 
. Defining command \defaultfontfeatures with sig. 't+om' on line 467.
.................................................
.................................................
. LaTeX info: "xparse/define-command"
. 
. Defining command \addfontfeatures with sig. 'm' on line 529.
.................................................
.................................................
. LaTeX info: "xparse/define-command"
. 
. Defining command \newfontfeature with sig. 'mm' on line 540.
.................................................
.................................................
. LaTeX info: "xparse/define-command"
. 
. Defining command \newAATfeature with sig. 'mmmm' on line 548.
.................................................
.................................................
. LaTeX info: "xparse/define-command"
. 
. Defining command \newopentypefeature with sig. 'mmm' on line 556.
.................................................
.................................................
. LaTeX info: "xparse/define-command"
. 
. Defining command \aliasfontfeature with sig. 'mm' on line 577.
.................................................
.................................................
. LaTeX info: "xparse/define-command"
. 
. Defining command \aliasfontfeatureoption with sig. 'mmm' on line 586.
.................................................
.................................................
. LaTeX info: "xparse/define-command"
. 
. Defining command \newfontscript with sig. 'mm' on line 590.
.................................................
.................................................
. LaTeX info: "xparse/define-command"
. 
. Defining command \newfontlanguage with sig. 'mm' on line 594.
.................................................
.................................................
. LaTeX info: "xparse/define-command"
. 
. Defining command \DeclareFontsExtensions with sig. 'm' on line 599.
.................................................
\l__fontspec_tmp_int=\count134

(/usr/local/texlive/2016/texmf-dist/tex/latex/fontspec/fontspec.cfg)
LaTeX Info: Redefining \itshape on input line 2705.
LaTeX Info: Redefining \slshape on input line 2710.
LaTeX Info: Redefining \scshape on input line 2715.
LaTeX Info: Redefining \upshape on input line 2720.
\l__fontspec_em_int=\count135
\l__fontspec_emdef_int=\count136
LaTeX Info: Redefining \em on input line 2736.
LaTeX Info: Redefining \emph on input line 2742.
LaTeX Info: Redefining \- on input line 2746.
.................................................
. LaTeX info: "xparse/redefine-command"
. 
. Redefining command \oldstylenums with sig. 'm' on line 2841.
.................................................
.................................................
. LaTeX info: "xparse/define-command"
. 
. Defining command \liningnums with sig. 'm' on line 2845.
.................................................
))
(/usr/local/texlive/2016/texmf-dist/tex/latex/base/fontenc.sty
Package: fontenc 2005/09/27 v1.99g Standard LaTeX package
)
\g__fontspec_family_MinionPro_int=\count137
.................................................
. fontspec info: "no-font-shape"
. 
. Could not resolve font Minion Pro Italic/B (it probably doesn't exist).
.................................................
.................................................
. fontspec info: "defining-font"
. 
. Font family 'MinionPro(0)' created for font 'Minion Pro' with options
. [Ligatures=TeX,BoldFont={Minion Pro Semibold},ItalicFont={Minion Pro
. Italic}].
. 
. This font family consists of the following NFSS series/shapes:
. - 'normal' (m/n) with NFSS spec.: <->"Minion
. Pro/OT:script=latn;language=DFLT;mapping=tex-text;"
. - 'small caps'  (m/sc) with NFSS spec.: <->"Minion
. Pro/OT:script=latn;language=DFLT;mapping=tex-text;+smcp;"- 'bold' (bx/n)
. with NFSS spec.: <->"Minion Pro
. Semibold/OT:script=latn;language=DFLT;mapping=tex-text;"
. - 'bold small caps'  (bx/sc) with NFSS spec.: <->"Minion Pro
. Semibold/OT:script=latn;language=DFLT;mapping=tex-text;+smcp;"- 'italic'
. (m/it) with NFSS spec.: <->"Minion Pro
. Italic/OT:script=latn;language=DFLT;mapping=tex-text;"
. - 'italic small caps'  (m/itsc) with NFSS spec.: <->"Minion Pro
. Italic/OT:script=latn;language=DFLT;mapping=tex-text;+smcp;"- 'bold italic'
. (bx/it) with NFSS spec.: <->"Minion Pro
. Semibold/I/OT:script=latn;language=DFLT;mapping=tex-text;"
. - 'bold italic small caps'  (bx/itsc) with NFSS spec.: <->"Minion Pro
. Semibold/I/OT:script=latn;language=DFLT;mapping=tex-text;+smcp;"
.................................................

(/usr/local/texlive/2016/texmf-dist/tex/latex/titlesec/titlesec.sty
Package: titlesec 2016/03/21 v2.10.2 Sectioning titles
\ttl@box=\box44
\beforetitleunit=\skip55
\aftertitleunit=\skip56
\ttl@plus=\dimen156
\ttl@minus=\dimen157
\ttl@toksa=\toks33
\titlewidth=\dimen158
\titlewidthlast=\dimen159
\titlewidthfirst=\dimen160
)
\g__fontspec_family_MinionProSemibold_int=\count138
.................................................
. fontspec info: "defining-font"
. 
. Font family 'MinionProSemibold(0)' created for font 'Minion Pro Semibold'
. with options [].
. 
. This font family consists of the following NFSS series/shapes:
. - 'normal' (m/n) with NFSS spec.: <->"Minion Pro
. Semibold/OT:script=latn;language=DFLT;"
. - 'small caps'  (m/sc) with NFSS spec.: <->"Minion Pro
. Semibold/OT:script=latn;language=DFLT;+smcp;"- 'bold' (bx/n) with NFSS
. spec.: <->"Minion Pro Semibold/B/OT:script=latn;language=DFLT;"
. - 'bold small caps'  (bx/sc) with NFSS spec.: <->"Minion Pro
. Semibold/B/OT:script=latn;language=DFLT;+smcp;"- 'italic' (m/it) with NFSS
. spec.: <->"Minion Pro Semibold/I/OT:script=latn;language=DFLT;"
. - 'italic small caps'  (m/itsc) with NFSS spec.: <->"Minion Pro
. Semibold/I/OT:script=latn;language=DFLT;+smcp;"- 'bold italic' (bx/it) with
. NFSS spec.: <->"Minion Pro Semibold/BI/OT:script=latn;language=DFLT;"
. - 'bold italic small caps'  (bx/itsc) with NFSS spec.: <->"Minion Pro
. Semibold/BI/OT:script=latn;language=DFLT;+smcp;"
.................................................

(/usr/local/texlive/2016/texmf-dist/tex/latex/fancyvrb/fancyvrb.sty
Package: fancyvrb 2008/02/07

Style option: `fancyvrb' v2.7a, with DG/SPQR fixes, and firstline=lastline fix 
<2008/02/07> (tvz)
\FV@CodeLineNo=\count139
\FV@InFile=\read3
\FV@TabBox=\box45
\c@FancyVerbLine=\count140
\FV@StepNumber=\count141
\FV@OutFile=\write3
)
(/usr/local/texlive/2016/texmf-dist/tex/latex/hyperref/hyperref.sty
Package: hyperref 2016/05/05 v6.83n Hypertext links for LaTeX

(/usr/local/texlive/2016/texmf-dist/tex/generic/oberdiek/hobsub-hyperref.sty
Package: hobsub-hyperref 2016/05/16 v1.14 Bundle oberdiek, subset hyperref (HO)


(/usr/local/texlive/2016/texmf-dist/tex/generic/oberdiek/hobsub-generic.sty
Package: hobsub-generic 2016/05/16 v1.14 Bundle oberdiek, subset generic (HO)
Package: hobsub 2016/05/16 v1.14 Construct package bundles (HO)
Package hobsub Info: Skipping package `infwarerr' (already loaded).
Package hobsub Info: Skipping package `ltxcmds' (already loaded).
Package: ifluatex 2016/05/16 v1.4 Provides the ifluatex switch (HO)
Package ifluatex Info: LuaTeX not detected.
Package hobsub Info: Skipping package `ifvtex' (already loaded).
Package: intcalc 2016/05/16 v1.2 Expandable calculations with integers (HO)
Package hobsub Info: Skipping package `ifpdf' (already loaded).
Package: etexcmds 2016/05/16 v1.6 Avoid name clashes with e-TeX commands (HO)
Package etexcmds Info: Could not find \expanded.
(etexcmds)             That can mean that you are not using pdfTeX 1.50 or
(etexcmds)             that some package has redefined \expanded.
(etexcmds)             In the latter case, load this package earlier.
Package: kvsetkeys 2016/05/16 v1.17 Key value parser (HO)
Package: kvdefinekeys 2016/05/16 v1.4 Define keys (HO)
Package: pdftexcmds 2016/05/10 v0.21 Utility functions of pdfTeX for LuaTeX (HO
)
Package pdftexcmds Info: LuaTeX not detected.
Package pdftexcmds Info: pdfTeX >= 1.30 not detected.
Package pdftexcmds Info: \pdf@primitive is available.
Package pdftexcmds Info: \pdf@ifprimitive is available.
Package pdftexcmds Info: \pdfdraftmode not found.
Package: pdfescape 2016/05/16 v1.14 Implements pdfTeX's escape features (HO)
Package: bigintcalc 2016/05/16 v1.4 Expandable calculations on big integers (HO
)
Package: bitset 2016/05/16 v1.2 Handle bit-vector datatype (HO)
Package: uniquecounter 2016/05/16 v1.3 Provide unlimited unique counter (HO)
)
Package hobsub Info: Skipping package `hobsub' (already loaded).
Package: letltxmacro 2016/05/16 v1.5 Let assignment for LaTeX macros (HO)
Package: hopatch 2016/05/16 v1.3 Wrapper for package hooks (HO)
Package: xcolor-patch 2016/05/16 xcolor patch
Package: atveryend 2016/05/16 v1.9 Hooks at the very end of document (HO)
Package atveryend Info: \enddocument detected (standard20110627).
Package: atbegshi 2016/05/16 v1.17 At begin shipout hook (HO)
Package: refcount 2016/05/16 v3.5 Data extraction from label references (HO)
Package: hycolor 2016/05/16 v1.8 Color options for hyperref/bookmark (HO)
)
(/usr/local/texlive/2016/texmf-dist/tex/latex/oberdiek/auxhook.sty
Package: auxhook 2016/05/16 v1.4 Hooks for auxiliary files (HO)
)
(/usr/local/texlive/2016/texmf-dist/tex/latex/oberdiek/kvoptions.sty
Package: kvoptions 2016/05/16 v3.12 Key value format for package options (HO)
)
\@linkdim=\dimen161
\Hy@linkcounter=\count142
\Hy@pagecounter=\count143

(/usr/local/texlive/2016/texmf-dist/tex/latex/hyperref/pd1enc.def
File: pd1enc.def 2016/05/05 v6.83n Hyperref: PDFDocEncoding definition (HO)
)
\Hy@SavedSpaceFactor=\count144

(/usr/local/texlive/2016/texmf-dist/tex/latex/latexconfig/hyperref.cfg
File: hyperref.cfg 2002/06/06 v1.2 hyperref configuration of TeXLive
)
Package hyperref Info: Option `breaklinks' set `true' on input line 4322.


Package hyperref Warning: Option `letterpaper' is no longer used.

Package hyperref Info: Option `colorlinks' set `true' on input line 4322.
Package hyperref Info: Option `bookmarks' set `false' on input line 4322.
Package hyperref Info: Hyper figures OFF on input line 4446.
Package hyperref Info: Link nesting OFF on input line 4451.
Package hyperref Info: Hyper index ON on input line 4454.
Package hyperref Info: Plain pages OFF on input line 4461.
Package hyperref Info: Backreferencing ON on input line 4464.
Package hyperref Info: Implicit mode ON; LaTeX internals redefined.
Package hyperref Info: Bookmarks OFF on input line 4697.
(/usr/local/texlive/2016/texmf-dist/tex/latex/hyperref/backref.sty
Package: backref 2012/07/25 v1.38 Bibliographical back referencing

(/usr/local/texlive/2016/texmf-dist/tex/latex/oberdiek/rerunfilecheck.sty
Package: rerunfilecheck 2016/05/16 v1.8 Rerun checks for auxiliary files (HO)
Package rerunfilecheck Info: Feature \pdfmdfivesum is not available
(rerunfilecheck)             (e.g. pdfTeX or LuaTeX with package `pdftexcmds').

(rerunfilecheck)             Therefore file contents cannot be checked efficien
tly
(rerunfilecheck)             and the loading of the package is aborted.
))
\c@Hy@tempcnt=\count145

(/usr/local/texlive/2016/texmf-dist/tex/latex/url/url.sty
\Urlmuskip=\muskip17
Package: url 2013/09/16  ver 3.4  Verb mode for urls, etc.
)
LaTeX Info: Redefining \url on input line 5044.
\XeTeXLinkMargin=\dimen162
\Fld@menulength=\count146
\Field@Width=\dimen163
\Fld@charsize=\dimen164
Package hyperref Info: Hyper figures OFF on input line 6298.
Package hyperref Info: Link nesting OFF on input line 6303.
Package hyperref Info: Hyper index ON on input line 6306.
Package hyperref Info: backreferencing ON on input line 6311.
Package hyperref Info: Link coloring ON on input line 6316.
Package hyperref Info: Link coloring with OCG OFF on input line 6323.
Package hyperref Info: PDF/A mode OFF on input line 6328.
LaTeX Info: Redefining \ref on input line 6368.
LaTeX Info: Redefining \pageref on input line 6372.
\Hy@abspage=\count147
\c@Item=\count148
\c@Hfootnote=\count149
)

Package hyperref Message: Driver (autodetected): hxetex.

(/usr/local/texlive/2016/texmf-dist/tex/latex/hyperref/hxetex.def
File: hxetex.def 2016/05/05 v6.83n Hyperref driver for XeTeX

(/usr/local/texlive/2016/texmf-dist/tex/latex/hyperref/puenc.def
File: puenc.def 2016/05/05 v6.83n Hyperref: PDF Unicode definition (HO)
)
(/usr/local/texlive/2016/texmf-dist/tex/generic/oberdiek/stringenc.sty
Package: stringenc 2016/05/16 v1.11 Convert strings between diff. encodings (HO
)
)
\pdfm@box=\box46
\c@Hy@AnnotLevel=\count150
\HyField@AnnotCount=\count151
\Fld@listcount=\count152
\c@bookmark@seq@number=\count153
\Hy@SectionHShift=\skip57
)
(/usr/local/texlive/2016/texmf-dist/tex/latex/xcolor/xcolor.sty
Package: xcolor 2016/05/11 v2.12 LaTeX color extensions (UK)

(/usr/local/texlive/2016/texmf-dist/tex/latex/graphics-cfg/color.cfg
File: color.cfg 2016/01/02 v1.6 sample color configuration
)
Package xcolor Info: Driver file: xetex.def on input line 225.
LaTeX Info: Redefining \color on input line 709.
Package xcolor Info: Model `cmy' substituted by `cmy0' on input line 1348.
Package xcolor Info: Model `RGB' extended on input line 1364.
Package xcolor Info: Model `HTML' substituted by `rgb' on input line 1366.
Package xcolor Info: Model `Hsb' substituted by `hsb' on input line 1367.
Package xcolor Info: Model `tHsb' substituted by `hsb' on input line 1368.
Package xcolor Info: Model `HSB' substituted by `hsb' on input line 1369.
Package xcolor Info: Model `Gray' substituted by `gray' on input line 1370.
Package xcolor Info: Model `wave' substituted by `hsb' on input line 1371.

(/usr/local/texlive/2016/texmf-dist/tex/latex/graphics/dvipsnam.def
File: dvipsnam.def 2015/12/30 v3.0k Driver-dependent file (DPC,SPQR)
))
Package hyperref Info: Option `colorlinks' set `true' on input line 38.

(/usr/local/texlive/2016/texmf-dist/tex/latex/float/float.sty
Package: float 2001/11/08 v1.3d Float enhancements (AL)
\c@float@type=\count154
\float@exts=\toks34
\float@box=\box47
\@float@everytoks=\toks35
\@floatcapt=\box48
)
(/usr/local/texlive/2016/texmf-dist/tex/latex/fancyhdr/fancyhdr.sty
\fancy@headwidth=\skip58
\f@ncyO@elh=\skip59
\f@ncyO@erh=\skip60
\f@ncyO@olh=\skip61
\f@ncyO@orh=\skip62
\f@ncyO@elf=\skip63
\f@ncyO@erf=\skip64
\f@ncyO@olf=\skip65
\f@ncyO@orf=\skip66
)
(./Code_Documentation_for_Variational_Gradient_Matching.aux)
\openout1 = `Code_Documentation_for_Variational_Gradient_Matching.aux'.

LaTeX Font Info:    Checking defaults for OML/cmm/m/it on input line 51.
LaTeX Font Info:    ... okay on input line 51.
LaTeX Font Info:    Checking defaults for T1/cmr/m/n on input line 51.
LaTeX Font Info:    ... okay on input line 51.
LaTeX Font Info:    Checking defaults for OT1/cmr/m/n on input line 51.
LaTeX Font Info:    ... okay on input line 51.
LaTeX Font Info:    Checking defaults for OMS/cmsy/m/n on input line 51.
LaTeX Font Info:    ... okay on input line 51.
LaTeX Font Info:    Checking defaults for OMX/cmex/m/n on input line 51.
LaTeX Font Info:    ... okay on input line 51.
LaTeX Font Info:    Checking defaults for U/cmr/m/n on input line 51.
LaTeX Font Info:    ... okay on input line 51.
LaTeX Font Info:    Checking defaults for EU1/lmr/m/n on input line 51.
LaTeX Font Info:    ... okay on input line 51.
LaTeX Font Info:    Checking defaults for T3/cmr/m/n on input line 51.
LaTeX Font Info:    Try loading font information for T3+cmr on input line 51.

(/usr/local/texlive/2016/texmf-dist/tex/latex/tipa/t3cmr.fd
File: t3cmr.fd 2001/12/31 TIPA font definitions
)
LaTeX Font Info:    ... okay on input line 51.
LaTeX Font Info:    Checking defaults for PD1/pdf/m/n on input line 51.
LaTeX Font Info:    ... okay on input line 51.
LaTeX Font Info:    Checking defaults for PU/pdf/m/n on input line 51.
LaTeX Font Info:    ... okay on input line 51.

*geometry* driver: auto-detecting
*geometry* detected driver: xetex
*geometry* verbose mode - [ preamble ] result:
* driver: xetex
* paper: a4paper
* layout: <same size as paper>
* layoutoffset:(h,v)=(0.0pt,0.0pt)
* modes: twoside 
* h-part:(L,W,R)=(56.9055pt, 483.69687pt, 56.9055pt)
* v-part:(T,H,B)=(71.13188pt, 702.78308pt, 71.13188pt)
* \paperwidth=597.50787pt
* \paperheight=845.04684pt
* \textwidth=483.69687pt
* \textheight=702.78308pt
* \oddsidemargin=-15.36449pt
* \evensidemargin=-15.36449pt
* \topmargin=-33.0119pt
* \headheight=12.0pt
* \headsep=19.8738pt
* \topskip=11.0pt
* \footskip=27.46295pt
* \marginparwidth=106.0pt
* \marginparsep=7.0pt
* \columnsep=10.0pt
* \skip\footins=10.0pt plus 4.0pt minus 2.0pt
* \hoffset=0.0pt
* \voffset=0.0pt
* \mag=1000
* \@twocolumnfalse
* \@twosidetrue
* \@mparswitchtrue
* \@reversemarginfalse
* (1in=72.27pt=25.4mm, 1cm=28.453pt)

*** you should *not* be loading the inputenc package
*** XeTeX expects the source to be in UTF8 encoding
*** some features of other encodings may conflict, resulting in poor output.
.................................................
. fontspec info: "setup-math"
. 
. Adjusting the maths setup (use [no-math] to avoid this).
.................................................
\symlegacymaths=\mathgroup6
LaTeX Font Info:    Overwriting symbol font `legacymaths' in version `bold'
(Font)                  OT1/cmr/m/n --> OT1/cmr/bx/n on input line 51.
LaTeX Font Info:    Redeclaring math accent \acute on input line 51.
LaTeX Font Info:    Redeclaring math accent \grave on input line 51.
LaTeX Font Info:    Redeclaring math accent \ddot on input line 51.
LaTeX Font Info:    Redeclaring math accent \tilde on input line 51.
LaTeX Font Info:    Redeclaring math accent \bar on input line 51.
LaTeX Font Info:    Redeclaring math accent \breve on input line 51.
LaTeX Font Info:    Redeclaring math accent \check on input line 51.
LaTeX Font Info:    Redeclaring math accent \hat on input line 51.
LaTeX Font Info:    Redeclaring math accent \dot on input line 51.
LaTeX Font Info:    Redeclaring math accent \mathring on input line 51.
LaTeX Font Info:    Redeclaring math symbol \Gamma on input line 51.
LaTeX Font Info:    Redeclaring math symbol \Delta on input line 51.
LaTeX Font Info:    Redeclaring math symbol \Theta on input line 51.
LaTeX Font Info:    Redeclaring math symbol \Lambda on input line 51.
LaTeX Font Info:    Redeclaring math symbol \Xi on input line 51.
LaTeX Font Info:    Redeclaring math symbol \Pi on input line 51.
LaTeX Font Info:    Redeclaring math symbol \Sigma on input line 51.
LaTeX Font Info:    Redeclaring math symbol \Upsilon on input line 51.
LaTeX Font Info:    Redeclaring math symbol \Phi on input line 51.
LaTeX Font Info:    Redeclaring math symbol \Psi on input line 51.
LaTeX Font Info:    Redeclaring math symbol \Omega on input line 51.
LaTeX Font Info:    Redeclaring math symbol \mathdollar on input line 51.
LaTeX Font Info:    Redeclaring symbol font `operators' on input line 51.
LaTeX Font Info:    Encoding `OT1' has changed to `EU1' for symbol font
(Font)              `operators' in the math version `normal' on input line 51.
LaTeX Font Info:    Overwriting symbol font `operators' in version `normal'
(Font)                  OT1/cmr/m/n --> EU1/MinionPro(0)/m/n on input line 51.
LaTeX Font Info:    Encoding `OT1' has changed to `EU1' for symbol font
(Font)              `operators' in the math version `bold' on input line 51.
LaTeX Font Info:    Overwriting symbol font `operators' in version `bold'
(Font)                  OT1/cmr/bx/n --> EU1/MinionPro(0)/m/n on input line 51.

LaTeX Font Info:    Overwriting symbol font `operators' in version `normal'
(Font)                  EU1/MinionPro(0)/m/n --> EU1/MinionPro(0)/m/n on input 
line 51.
LaTeX Font Info:    Overwriting math alphabet `\mathit' in version `normal'
(Font)                  OT1/cmr/m/it --> EU1/MinionPro(0)/m/it on input line 51
.
LaTeX Font Info:    Overwriting math alphabet `\mathbf' in version `normal'
(Font)                  OT1/cmr/bx/n --> EU1/MinionPro(0)/bx/n on input line 51
.
LaTeX Font Info:    Overwriting math alphabet `\mathsf' in version `normal'
(Font)                  OT1/cmss/m/n --> EU1/lmss/m/n on input line 51.
LaTeX Font Info:    Overwriting math alphabet `\mathtt' in version `normal'
(Font)                  OT1/cmtt/m/n --> EU1/lmtt/m/n on input line 51.
LaTeX Font Info:    Overwriting symbol font `operators' in version `bold'
(Font)                  EU1/MinionPro(0)/m/n --> EU1/MinionPro(0)/bx/n on input
 line 51.
LaTeX Font Info:    Overwriting math alphabet `\mathit' in version `bold'
(Font)                  OT1/cmr/bx/it --> EU1/MinionPro(0)/bx/it on input line 
51.
LaTeX Font Info:    Overwriting math alphabet `\mathsf' in version `bold'
(Font)                  OT1/cmss/bx/n --> EU1/lmss/bx/n on input line 51.
LaTeX Font Info:    Overwriting math alphabet `\mathtt' in version `bold'
(Font)                  OT1/cmtt/m/n --> EU1/lmtt/bx/n on input line 51.
\AtBeginShipoutBox=\box49
Package hyperref Info: Link coloring ON on input line 51.
(/usr/local/texlive/2016/texmf-dist/tex/latex/hyperref/nameref.sty
Package: nameref 2012/10/27 v2.43 Cross-referencing by name of section

(/usr/local/texlive/2016/texmf-dist/tex/generic/oberdiek/gettitlestring.sty
Package: gettitlestring 2016/05/16 v1.5 Cleanup title references (HO)
)
\c@section@level=\count155
)
LaTeX Info: Redefining \ref on input line 51.
LaTeX Info: Redefining \pageref on input line 51.
LaTeX Info: Redefining \nameref on input line 51.

(./titlepage.tex
File: logo.png Graphic file (type QTm)
 <use  "logo.png" >
LaTeX Font Info:    Try loading font information for EU1+lmtt on input line 31.


(/usr/local/texlive/2016/texmf-dist/tex/latex/euenc/eu1lmtt.fd
File: eu1lmtt.fd 2009/10/30 v1.6 Font defs for Latin Modern
)
LaTeX Font Info:    Try loading font information for U+msa on input line 31.

(/usr/local/texlive/2016/texmf-dist/tex/latex/amsfonts/umsa.fd
File: umsa.fd 2013/01/14 v3.01 AMS symbols A
)
LaTeX Font Info:    Try loading font information for U+msb on input line 31.

(/usr/local/texlive/2016/texmf-dist/tex/latex/amsfonts/umsb.fd
File: umsb.fd 2013/01/14 v3.01 AMS symbols B
)
Overfull \hbox (28.2557pt too wide) in paragraph at lines 31--32
[]\EU1/MinionPro(0)/m/n/10.95 The code is available at [][]$[][][][][] [] [] []
 [][][][][][] [] [][][] [] [][][][][][][][] [] [][][][][][][][][][][] [] [][][]
[][][][][] [] [][][][][][][][] [] [][][] [] [][][][][][][][][] []
 []

) (/usr/local/texlive/2016/texmf-dist/tex/generic/oberdiek/se-ascii-print.def
File: se-ascii-print.def 2016/05/16 v1.11 stringenc: Printable ASCII characters

)
[1

]

Package Fancyhdr Warning: \headheight is too small (12.0pt): 
 Make it at least 13.59999pt.
 We now make it that large for the rest of the document.
 This may cause the page layout to be inconsistent, however.

[2

] (./Code_Documentation_for_Variational_Gradient_Matching.toc [3

]

LaTeX Warning: Command \nobreakspace invalid in math mode on input line 71.

[4])
\tf@toc=\write4
\openout4 = `Code_Documentation_for_Variational_Gradient_Matching.toc'.

 [5] [6

] (./lotka_volterra.tex [7]
File: VGM_for_Lotka_Volterra_01.eps Graphic file (type eps)
 <VGM_for_Lotka_Volterra_01.eps> [8]

LaTeX Warning: Command \nobreakspace invalid in math mode on input line 160.


LaTeX Warning: Command \nobreakspace invalid in math mode on input line 160.


LaTeX Warning: Command \nobreakspace invalid in math mode on input line 160.


LaTeX Warning: Command \nobreakspace invalid in math mode on input line 160.

! Missing { inserted.
<to be read again> 
                   \begingroup 
l.160 ...ol\phi}' \\ '\mathbf{C}_\boldsymbol{\phi}
                                                   & \mathbf{C}_{\boldsymbol...
A left brace was mandatory here, so I've put one in.
You might want to delete and/or insert some corrections
so that I will find a matching right brace soon.
(If you're confused by all this, try typing `I}' now.)

! Missing } inserted.
<inserted text> 
                }
l.160 ...\phi}' \\ '\mathbf{C}_\boldsymbol{\phi} &
                                                   \mathbf{C}_{\boldsymbol\p...
I've put in what seems to be necessary to fix
the current column of the current alignment.
Try to go on, since this might almost work.


LaTeX Warning: Command \nobreakspace invalid in math mode on input line 188.

Runaway argument?
{\mathbf {X}$: \end {par} \vspace {1em} \begin {par} $\mathbf {F} = {\ETC.
! Paragraph ended before \mathaccentV was complete.
<to be read again> 
                   \par 
l.203 
      
I suspect you've forgotten a `}', causing me to apply this
control sequence to too much text. How can we recover?
My plan is to forget the whole thing and hope for the best.

! Missing $ inserted.
<inserted text> 
                $
l.203 
      
I've inserted a begin-math/end-math symbol since I think
you left one out. Proceed, with fingers crossed.

[9]

LaTeX Warning: Command \nobreakspace invalid in math mode on input line 235.


LaTeX Warning: Command \nobreakspace invalid in math mode on input line 235.


LaTeX Warning: Command \nobreakspace invalid in math mode on input line 241.


LaTeX Warning: Command \nobreakspace invalid in math mode on input line 241.


LaTeX Warning: Command \nobreakspace invalid in math mode on input line 241.


LaTeX Warning: Command \nobreakspace invalid in math mode on input line 241.

[10]

LaTeX Warning: Command \nobreakspace invalid in math mode on input line 287.


LaTeX Warning: Command \nobreakspace invalid in math mode on input line 287.


LaTeX Warning: Command \nobreakspace invalid in math mode on input line 287.


LaTeX Warning: Command \nobreakspace invalid in math mode on input line 300.


LaTeX Warning: Command \nobreakspace invalid in math mode on input line 300.


LaTeX Warning: Command \nobreakspace invalid in math mode on input line 300.

! Extra }, or forgotten $.
<recently read> \egroup 
                        
l.315 ...ldsymbol{\phi}, \gamma,\mathbf\boldsymbol
                                                  {\sigma}) \right] \qquad (...
I've deleted a group-closing symbol because it seems to be
spurious, as in `$x}$'. But perhaps the } is legitimate and
you forgot something else, as in `\hbox{$x}'. In such cases
the way to recover is to insert both the forgotten and the
deleted material, e.g., by typing `I$}'.

! Extra }, or forgotten $.
<argument> \egroup 
                   
l.315 ...ldsymbol{\phi}, \gamma,\mathbf\boldsymbol
                                                  {\sigma}) \right] \qquad (...
I've deleted a group-closing symbol because it seems to be
spurious, as in `$x}$'. But perhaps the } is legitimate and
you forgot something else, as in `\hbox{$x}'. In such cases
the way to recover is to insert both the forgotten and the
deleted material, e.g., by typing `I$}'.

! Extra }, or forgotten $.
<argument> ...\hbox {$\m@th \displaystyle \egroup 
                                                  $}}{\hbox {$\m@th \textsty...
l.315 ...ldsymbol{\phi}, \gamma,\mathbf\boldsymbol
                                                  {\sigma}) \right] \qquad (...
I've deleted a group-closing symbol because it seems to be
spurious, as in `$x}$'. But perhaps the } is legitimate and
you forgot something else, as in `\hbox{$x}'. In such cases
the way to recover is to insert both the forgotten and the
deleted material, e.g., by typing `I$}'.

! Extra }, or forgotten $.
<argument> ...}}{\hbox {$\m@th \textstyle \egroup 
                                                  $}}{\hbox {$\m@th \scripts...
l.315 ...ldsymbol{\phi}, \gamma,\mathbf\boldsymbol
                                                  {\sigma}) \right] \qquad (...
I've deleted a group-closing symbol because it seems to be
spurious, as in `$x}$'. But perhaps the } is legitimate and
you forgot something else, as in `\hbox{$x}'. In such cases
the way to recover is to insert both the forgotten and the
deleted material, e.g., by typing `I$}'.

! Extra }, or forgotten $.
<argument> ...{\hbox {$\m@th \scriptstyle \egroup 
                                                  $}}{\hbox {$\m@th \scripts...
l.315 ...ldsymbol{\phi}, \gamma,\mathbf\boldsymbol
                                                  {\sigma}) \right] \qquad (...
I've deleted a group-closing symbol because it seems to be
spurious, as in `$x}$'. But perhaps the } is legitimate and
you forgot something else, as in `\hbox{$x}'. In such cases
the way to recover is to insert both the forgotten and the
deleted material, e.g., by typing `I$}'.

! Extra }, or forgotten $.
<argument> ... {$\m@th \scriptscriptstyle \egroup 
                                                  $}}
l.315 ...ldsymbol{\phi}, \gamma,\mathbf\boldsymbol
                                                  {\sigma}) \right] \qquad (...
I've deleted a group-closing symbol because it seems to be
spurious, as in `$x}$'. But perhaps the } is legitimate and
you forgot something else, as in `\hbox{$x}'. In such cases
the way to recover is to insert both the forgotten and the
deleted material, e.g., by typing `I$}'.

! Missing } inserted.
<inserted text> 
                }
l.315 ...\gamma,\mathbf\boldsymbol{\sigma}) \right
                                                  ] \qquad (10)$,
I've inserted something that you may have forgotten.
(See the <inserted text> above.)
With luck, this will get me unwedged. But if you
really didn't forget anything, try typing `2' now; then
my insertion and my current dilemma will both disappear.


LaTeX Warning: Command \nobreakspace invalid in math mode on input line 321.

! Extra }, or forgotten $.
<recently read> \egroup 
                        
l.321 ...oldsymbol{\phi},\gamma,\mathbf\boldsymbol
                                                  {\sigma}) ~\right) \qquad ...
I've deleted a group-closing symbol because it seems to be
spurious, as in `$x}$'. But perhaps the } is legitimate and
you forgot something else, as in `\hbox{$x}'. In such cases
the way to recover is to insert both the forgotten and the
deleted material, e.g., by typing `I$}'.

! Extra }, or forgotten $.
<argument> \egroup 
                   
l.321 ...oldsymbol{\phi},\gamma,\mathbf\boldsymbol
                                                  {\sigma}) ~\right) \qquad ...
I've deleted a group-closing symbol because it seems to be
spurious, as in `$x}$'. But perhaps the } is legitimate and
you forgot something else, as in `\hbox{$x}'. In such cases
the way to recover is to insert both the forgotten and the
deleted material, e.g., by typing `I$}'.

! Extra }, or forgotten $.
<argument> ...\hbox {$\m@th \displaystyle \egroup 
                                                  $}}{\hbox {$\m@th \textsty...
l.321 ...oldsymbol{\phi},\gamma,\mathbf\boldsymbol
                                                  {\sigma}) ~\right) \qquad ...
I've deleted a group-closing symbol because it seems to be
spurious, as in `$x}$'. But perhaps the } is legitimate and
you forgot something else, as in `\hbox{$x}'. In such cases
the way to recover is to insert both the forgotten and the
deleted material, e.g., by typing `I$}'.

! Extra }, or forgotten $.
<argument> ...}}{\hbox {$\m@th \textstyle \egroup 
                                                  $}}{\hbox {$\m@th \scripts...
l.321 ...oldsymbol{\phi},\gamma,\mathbf\boldsymbol
                                                  {\sigma}) ~\right) \qquad ...
I've deleted a group-closing symbol because it seems to be
spurious, as in `$x}$'. But perhaps the } is legitimate and
you forgot something else, as in `\hbox{$x}'. In such cases
the way to recover is to insert both the forgotten and the
deleted material, e.g., by typing `I$}'.

! Extra }, or forgotten $.
<argument> ...{\hbox {$\m@th \scriptstyle \egroup 
                                                  $}}{\hbox {$\m@th \scripts...
l.321 ...oldsymbol{\phi},\gamma,\mathbf\boldsymbol
                                                  {\sigma}) ~\right) \qquad ...
I've deleted a group-closing symbol because it seems to be
spurious, as in `$x}$'. But perhaps the } is legitimate and
you forgot something else, as in `\hbox{$x}'. In such cases
the way to recover is to insert both the forgotten and the
deleted material, e.g., by typing `I$}'.

! Extra }, or forgotten $.
<argument> ... {$\m@th \scriptscriptstyle \egroup 
                                                  $}}
l.321 ...oldsymbol{\phi},\gamma,\mathbf\boldsymbol
                                                  {\sigma}) ~\right) \qquad ...
I've deleted a group-closing symbol because it seems to be
spurious, as in `$x}$'. But perhaps the } is legitimate and
you forgot something else, as in `\hbox{$x}'. In such cases
the way to recover is to insert both the forgotten and the
deleted material, e.g., by typing `I$}'.


LaTeX Warning: Command \nobreakspace invalid in math mode on input line 321.

! Missing } inserted.
<inserted text> 
                }
l.321 ...gamma,\mathbf\boldsymbol{\sigma}) ~\right
                                                  ) \qquad (11)\\\hat{q}(\ma...
I've inserted something that you may have forgotten.
(See the <inserted text> above.)
With luck, this will get me unwedged. But if you
really didn't forget anything, try typing `2' now; then
my insertion and my current dilemma will both disappear.


LaTeX Warning: Command \nobreakspace invalid in math mode on input line 321.


LaTeX Warning: Command \nobreakspace invalid in math mode on input line 321.

! Extra }, or forgotten $.
<recently read> \egroup 
                        
l.328 ...{Y}, \boldsymbol{\phi},\mathbf\boldsymbol
                                                  {\sigma})$ in euqation (9)...
I've deleted a group-closing symbol because it seems to be
spurious, as in `$x}$'. But perhaps the } is legitimate and
you forgot something else, as in `\hbox{$x}'. In such cases
the way to recover is to insert both the forgotten and the
deleted material, e.g., by typing `I$}'.

! Extra }, or forgotten $.
<argument> \egroup 
                   
l.328 ...{Y}, \boldsymbol{\phi},\mathbf\boldsymbol
                                                  {\sigma})$ in euqation (9)...
I've deleted a group-closing symbol because it seems to be
spurious, as in `$x}$'. But perhaps the } is legitimate and
you forgot something else, as in `\hbox{$x}'. In such cases
the way to recover is to insert both the forgotten and the
deleted material, e.g., by typing `I$}'.

! Extra }, or forgotten $.
<argument> ...\hbox {$\m@th \displaystyle \egroup 
                                                  $}}{\hbox {$\m@th \textsty...
l.328 ...{Y}, \boldsymbol{\phi},\mathbf\boldsymbol
                                                  {\sigma})$ in euqation (9)...
I've deleted a group-closing symbol because it seems to be
spurious, as in `$x}$'. But perhaps the } is legitimate and
you forgot something else, as in `\hbox{$x}'. In such cases
the way to recover is to insert both the forgotten and the
deleted material, e.g., by typing `I$}'.

! Extra }, or forgotten $.
<argument> ...}}{\hbox {$\m@th \textstyle \egroup 
                                                  $}}{\hbox {$\m@th \scripts...
l.328 ...{Y}, \boldsymbol{\phi},\mathbf\boldsymbol
                                                  {\sigma})$ in euqation (9)...
I've deleted a group-closing symbol because it seems to be
spurious, as in `$x}$'. But perhaps the } is legitimate and
you forgot something else, as in `\hbox{$x}'. In such cases
the way to recover is to insert both the forgotten and the
deleted material, e.g., by typing `I$}'.

! Extra }, or forgotten $.
<argument> ...{\hbox {$\m@th \scriptstyle \egroup 
                                                  $}}{\hbox {$\m@th \scripts...
l.328 ...{Y}, \boldsymbol{\phi},\mathbf\boldsymbol
                                                  {\sigma})$ in euqation (9)...
I've deleted a group-closing symbol because it seems to be
spurious, as in `$x}$'. But perhaps the } is legitimate and
you forgot something else, as in `\hbox{$x}'. In such cases
the way to recover is to insert both the forgotten and the
deleted material, e.g., by typing `I$}'.

! Extra }, or forgotten $.
<argument> ... {$\m@th \scriptscriptstyle \egroup 
                                                  $}}
l.328 ...{Y}, \boldsymbol{\phi},\mathbf\boldsymbol
                                                  {\sigma})$ in euqation (9)...
I've deleted a group-closing symbol because it seems to be
spurious, as in `$x}$'. But perhaps the } is legitimate and
you forgot something else, as in `\hbox{$x}'. In such cases
the way to recover is to insert both the forgotten and the
deleted material, e.g., by typing `I$}'.

! Missing } inserted.
<inserted text> 
                }
l.328 ...symbol{\phi},\mathbf\boldsymbol{\sigma})$
                                                   in euqation (9) can be de...
I've inserted something that you may have forgotten.
(See the <inserted text> above.)
With luck, this will get me unwedged. But if you
really didn't forget anything, try typing `2' now; then
my insertion and my current dilemma will both disappear.

[11]
! Extra }, or forgotten $.
<recently read> \egroup 
                        
l.331 ...bol\mu_k(\mathbf{y}_k),\mathbf\boldsymbol
                                                  {\sigma}_k)$,
I've deleted a group-closing symbol because it seems to be
spurious, as in `$x}$'. But perhaps the } is legitimate and
you forgot something else, as in `\hbox{$x}'. In such cases
the way to recover is to insert both the forgotten and the
deleted material, e.g., by typing `I$}'.

! Extra }, or forgotten $.
<argument> \egroup 
                   
l.331 ...bol\mu_k(\mathbf{y}_k),\mathbf\boldsymbol
                                                  {\sigma}_k)$,
I've deleted a group-closing symbol because it seems to be
spurious, as in `$x}$'. But perhaps the } is legitimate and
you forgot something else, as in `\hbox{$x}'. In such cases
the way to recover is to insert both the forgotten and the
deleted material, e.g., by typing `I$}'.

! Extra }, or forgotten $.
<argument> ...\hbox {$\m@th \displaystyle \egroup 
                                                  $}}{\hbox {$\m@th \textsty...
l.331 ...bol\mu_k(\mathbf{y}_k),\mathbf\boldsymbol
                                                  {\sigma}_k)$,
I've deleted a group-closing symbol because it seems to be
spurious, as in `$x}$'. But perhaps the } is legitimate and
you forgot something else, as in `\hbox{$x}'. In such cases
the way to recover is to insert both the forgotten and the
deleted material, e.g., by typing `I$}'.

! Extra }, or forgotten $.
<argument> ...}}{\hbox {$\m@th \textstyle \egroup 
                                                  $}}{\hbox {$\m@th \scripts...
l.331 ...bol\mu_k(\mathbf{y}_k),\mathbf\boldsymbol
                                                  {\sigma}_k)$,
I've deleted a group-closing symbol because it seems to be
spurious, as in `$x}$'. But perhaps the } is legitimate and
you forgot something else, as in `\hbox{$x}'. In such cases
the way to recover is to insert both the forgotten and the
deleted material, e.g., by typing `I$}'.

! Extra }, or forgotten $.
<argument> ...{\hbox {$\m@th \scriptstyle \egroup 
                                                  $}}{\hbox {$\m@th \scripts...
l.331 ...bol\mu_k(\mathbf{y}_k),\mathbf\boldsymbol
                                                  {\sigma}_k)$,
I've deleted a group-closing symbol because it seems to be
spurious, as in `$x}$'. But perhaps the } is legitimate and
you forgot something else, as in `\hbox{$x}'. In such cases
the way to recover is to insert both the forgotten and the
deleted material, e.g., by typing `I$}'.

! Extra }, or forgotten $.
<argument> ... {$\m@th \scriptscriptstyle \egroup 
                                                  $}}
l.331 ...bol\mu_k(\mathbf{y}_k),\mathbf\boldsymbol
                                                  {\sigma}_k)$,
I've deleted a group-closing symbol because it seems to be
spurious, as in `$x}$'. But perhaps the } is legitimate and
you forgot something else, as in `\hbox{$x}'. In such cases
the way to recover is to insert both the forgotten and the
deleted material, e.g., by typing `I$}'.

! Missing } inserted.
<inserted text> 
                }
l.331 ...thbf{y}_k),\mathbf\boldsymbol{\sigma}_k)$
                                                  ,
I've inserted something that you may have forgotten.
(See the <inserted text> above.)
With luck, this will get me unwedged. But if you
really didn't forget anything, try typing `2' now; then
my insertion and my current dilemma will both disappear.

! Extra }, or forgotten $.
<recently read> \egroup 
                        
l.334 ...mathbf{I} +\mathbf{C}_{\mathbf\boldsymbol
                                                  {\phi}_k}^{-1}$.
I've deleted a group-closing symbol because it seems to be
spurious, as in `$x}$'. But perhaps the } is legitimate and
you forgot something else, as in `\hbox{$x}'. In such cases
the way to recover is to insert both the forgotten and the
deleted material, e.g., by typing `I$}'.

! Extra }, or forgotten $.
<argument> \egroup 
                   
l.334 ...mathbf{I} +\mathbf{C}_{\mathbf\boldsymbol
                                                  {\phi}_k}^{-1}$.
I've deleted a group-closing symbol because it seems to be
spurious, as in `$x}$'. But perhaps the } is legitimate and
you forgot something else, as in `\hbox{$x}'. In such cases
the way to recover is to insert both the forgotten and the
deleted material, e.g., by typing `I$}'.

! Extra }, or forgotten $.
<argument> ...\hbox {$\m@th \displaystyle \egroup 
                                                  $}}{\hbox {$\m@th \textsty...
l.334 ...mathbf{I} +\mathbf{C}_{\mathbf\boldsymbol
                                                  {\phi}_k}^{-1}$.
I've deleted a group-closing symbol because it seems to be
spurious, as in `$x}$'. But perhaps the } is legitimate and
you forgot something else, as in `\hbox{$x}'. In such cases
the way to recover is to insert both the forgotten and the
deleted material, e.g., by typing `I$}'.

! Extra }, or forgotten $.
<argument> ...}}{\hbox {$\m@th \textstyle \egroup 
                                                  $}}{\hbox {$\m@th \scripts...
l.334 ...mathbf{I} +\mathbf{C}_{\mathbf\boldsymbol
                                                  {\phi}_k}^{-1}$.
I've deleted a group-closing symbol because it seems to be
spurious, as in `$x}$'. But perhaps the } is legitimate and
you forgot something else, as in `\hbox{$x}'. In such cases
the way to recover is to insert both the forgotten and the
deleted material, e.g., by typing `I$}'.

! Extra }, or forgotten $.
<argument> ...{\hbox {$\m@th \scriptstyle \egroup 
                                                  $}}{\hbox {$\m@th \scripts...
l.334 ...mathbf{I} +\mathbf{C}_{\mathbf\boldsymbol
                                                  {\phi}_k}^{-1}$.
I've deleted a group-closing symbol because it seems to be
spurious, as in `$x}$'. But perhaps the } is legitimate and
you forgot something else, as in `\hbox{$x}'. In such cases
the way to recover is to insert both the forgotten and the
deleted material, e.g., by typing `I$}'.

! Extra }, or forgotten $.
<argument> ... {$\m@th \scriptscriptstyle \egroup 
                                                  $}}
l.334 ...mathbf{I} +\mathbf{C}_{\mathbf\boldsymbol
                                                  {\phi}_k}^{-1}$.
I've deleted a group-closing symbol because it seems to be
spurious, as in `$x}$'. But perhaps the } is legitimate and
you forgot something else, as in `\hbox{$x}'. In such cases
the way to recover is to insert both the forgotten and the
deleted material, e.g., by typing `I$}'.

! Missing } inserted.
<inserted text> 
                }
l.334 ...hbf{C}_{\mathbf\boldsymbol{\phi}_k}^{-1}$
                                                  .
I've inserted something that you may have forgotten.
(See the <inserted text> above.)
With luck, this will get me unwedged. But if you
really didn't forget anything, try typing `2' now; then
my insertion and my current dilemma will both disappear.


LaTeX Warning: Command \nobreakspace invalid in math mode on input line 377.


LaTeX Warning: Command \nobreakspace invalid in math mode on input line 378.


LaTeX Warning: Command \nobreakspace invalid in math mode on input line 378.


LaTeX Warning: Command \nobreakspace invalid in math mode on input line 380.


LaTeX Warning: Command \nobreakspace invalid in math mode on input line 382.


LaTeX Warning: Command \nobreakspace invalid in math mode on input line 382.


LaTeX Warning: Command \nobreakspace invalid in math mode on input line 383.


LaTeX Warning: Command \nobreakspace invalid in math mode on input line 383.


Overfull \hbox (6.86313pt too wide) in paragraph at lines 390--390
[]                    \EU1/lmtt/m/n/10.95 dC_times_invC,ode_param.lin_comb,symb
ols,A_plus_gamma_inv,opt_settings);[] 
 []

File: VGM_for_Lotka_Volterra_02.eps Graphic file (type eps)
<VGM_for_Lotka_Volterra_02.eps> [12]
File: VGM_for_Lotka_Volterra_03.eps Graphic file (type eps)
 <VGM_for_Lotka_Volterra_03.eps>
File: VGM_for_Lotka_Volterra_04.eps Graphic file (type eps)

<VGM_for_Lotka_Volterra_04.eps>
File: VGM_for_Lotka_Volterra_05.eps Graphic file (type eps)
 <VGM_for_Lotka_Volterra_05.eps>
Underfull \vbox (badness 10000) has occurred while \output is active []

 [13]
File: VGM_for_Lotka_Volterra_06.eps Graphic file (type eps)

<VGM_for_Lotka_Volterra_06.eps>
File: VGM_for_Lotka_Volterra_07.eps Graphic file (type eps)
 <VGM_for_Lotka_Volterra_07.eps>
File: VGM_for_Lotka_Volterra_08.eps Graphic file (type eps)

<VGM_for_Lotka_Volterra_08.eps>
Underfull \vbox (badness 10000) has occurred while \output is active []

 [14]
File: VGM_for_Lotka_Volterra_09.eps Graphic file (type eps)

<VGM_for_Lotka_Volterra_09.eps>
File: VGM_for_Lotka_Volterra_10.eps Graphic file (type eps)
 <VGM_for_Lotka_Volterra_10.eps>
File: VGM_for_Lotka_Volterra_11.eps Graphic file (type eps)

<VGM_for_Lotka_Volterra_11.eps>
Underfull \vbox (badness 10000) has occurred while \output is active []

 [15]
File: VGM_for_Lotka_Volterra_12.eps Graphic file (type eps)

<VGM_for_Lotka_Volterra_12.eps>
File: VGM_for_Lotka_Volterra_13.eps Graphic file (type eps)
 <VGM_for_Lotka_Volterra_13.eps>
File: VGM_for_Lotka_Volterra_14.eps Graphic file (type eps)

<VGM_for_Lotka_Volterra_14.eps>
Underfull \vbox (badness 10000) has occurred while \output is active []

 [16]
File: VGM_for_Lotka_Volterra_15.eps Graphic file (type eps)

<VGM_for_Lotka_Volterra_15.eps>
File: VGM_for_Lotka_Volterra_16.eps Graphic file (type eps)
 <VGM_for_Lotka_Volterra_16.eps>
File: VGM_for_Lotka_Volterra_17.eps Graphic file (type eps)

<VGM_for_Lotka_Volterra_17.eps>
Underfull \vbox (badness 10000) has occurred while \output is active []

 [17]
File: VGM_for_Lotka_Volterra_18.eps Graphic file (type eps)

<VGM_for_Lotka_Volterra_18.eps>
File: VGM_for_Lotka_Volterra_19.eps Graphic file (type eps)
 <VGM_for_Lotka_Volterra_19.eps>
File: VGM_for_Lotka_Volterra_20.eps Graphic file (type eps)

<VGM_for_Lotka_Volterra_20.eps>
Underfull \vbox (badness 10000) has occurred while \output is active []

 [18]
File: VGM_for_Lotka_Volterra_21.eps Graphic file (type eps)

<VGM_for_Lotka_Volterra_21.eps>
File: VGM_for_Lotka_Volterra_22.eps Graphic file (type eps)
 <VGM_for_Lotka_Volterra_22.eps>
File: VGM_for_Lotka_Volterra_23.eps Graphic file (type eps)

<VGM_for_Lotka_Volterra_23.eps>
Underfull \vbox (badness 10000) has occurred while \output is active []

 [19]
File: VGM_for_Lotka_Volterra_24.eps Graphic file (type eps)

<VGM_for_Lotka_Volterra_24.eps>
File: VGM_for_Lotka_Volterra_25.eps Graphic file (type eps)
 <VGM_for_Lotka_Volterra_25.eps>
File: VGM_for_Lotka_Volterra_26.eps Graphic file (type eps)

<VGM_for_Lotka_Volterra_26.eps>
Underfull \vbox (badness 10000) has occurred while \output is active []

 [20]
File: VGM_for_Lotka_Volterra_27.eps Graphic file (type eps)

<VGM_for_Lotka_Volterra_27.eps>
File: VGM_for_Lotka_Volterra_28.eps Graphic file (type eps)
 <VGM_for_Lotka_Volterra_28.eps>
File: VGM_for_Lotka_Volterra_29.eps Graphic file (type eps)

<VGM_for_Lotka_Volterra_29.eps>
Underfull \vbox (badness 10000) has occurred while \output is active []

 [21]
File: VGM_for_Lotka_Volterra_30.eps Graphic file (type eps)

<VGM_for_Lotka_Volterra_30.eps>
File: VGM_for_Lotka_Volterra_31.eps Graphic file (type eps)
 <VGM_for_Lotka_Volterra_31.eps>
File: VGM_for_Lotka_Volterra_32.eps Graphic file (type eps)

<VGM_for_Lotka_Volterra_32.eps>
Underfull \vbox (badness 10000) has occurred while \output is active []

 [22]
File: VGM_for_Lotka_Volterra_33.eps Graphic file (type eps)

<VGM_for_Lotka_Volterra_33.eps>
File: VGM_for_Lotka_Volterra_34.eps Graphic file (type eps)
 <VGM_for_Lotka_Volterra_34.eps>
File: VGM_for_Lotka_Volterra_35.eps Graphic file (type eps)

<VGM_for_Lotka_Volterra_35.eps>
Underfull \vbox (badness 10000) has occurred while \output is active []

 [23]
File: VGM_for_Lotka_Volterra_36.eps Graphic file (type eps)

<VGM_for_Lotka_Volterra_36.eps>
File: VGM_for_Lotka_Volterra_37.eps Graphic file (type eps)
 <VGM_for_Lotka_Volterra_37.eps>
File: VGM_for_Lotka_Volterra_38.eps Graphic file (type eps)

<VGM_for_Lotka_Volterra_38.eps>
Underfull \vbox (badness 10000) has occurred while \output is active []

 [24]
File: VGM_for_Lotka_Volterra_39.eps Graphic file (type eps)

<VGM_for_Lotka_Volterra_39.eps>
File: VGM_for_Lotka_Volterra_40.eps Graphic file (type eps)
 <VGM_for_Lotka_Volterra_40.eps>
File: VGM_for_Lotka_Volterra_41.eps Graphic file (type eps)

<VGM_for_Lotka_Volterra_41.eps>
Underfull \vbox (badness 10000) has occurred while \output is active []

 [25]

LaTeX Warning: Command \nobreakspace invalid in math mode on input line 496.


LaTeX Warning: Command \nobreakspace invalid in math mode on input line 497.


LaTeX Warning: Command \nobreakspace invalid in math mode on input line 498.


LaTeX Warning: Command \nobreakspace invalid in math mode on input line 498.


LaTeX Warning: Command \nobreakspace invalid in math mode on input line 499.


LaTeX Warning: Command \nobreakspace invalid in math mode on input line 499.


LaTeX Warning: Command \nobreakspace invalid in math mode on input line 500.


LaTeX Warning: Command \nobreakspace invalid in math mode on input line 501.


LaTeX Warning: Command \nobreakspace invalid in math mode on input line 502.


LaTeX Warning: Command \nobreakspace invalid in math mode on input line 503.


LaTeX Warning: Command \nobreakspace invalid in math mode on input line 503.


LaTeX Warning: Command \nobreakspace invalid in math mode on input line 504.

File: VGM_for_Lotka_Volterra_42.eps Graphic file (type eps)
<VGM_for_Lotka_Volterra_42.eps>
Underfull \vbox (badness 4699) has occurred while \output is active []

 [26])
[27] [28

] (./lorenz96.tex [29

] [30]
Underfull \vbox (badness 10000) has occurred while \output is active []

 [31]
Underfull \vbox (badness 10000) has occurred while \output is active []

 [32]
Underfull \vbox (badness 10000) has occurred while \output is active []

 [33]
Underfull \vbox (badness 10000) has occurred while \output is active []

 [34]
Underfull \vbox (badness 10000) has occurred while \output is active []

 [35]
Underfull \vbox (badness 10000) has occurred while \output is active []

 [36]
[37]
File: VGM_for_Lorenz96_01.eps Graphic file (type eps)
 <VGM_for_Lorenz96_01.eps>

LaTeX Warning: Command \nobreakspace invalid in math mode on input line 557.


LaTeX Warning: Command \nobreakspace invalid in math mode on input line 557.


LaTeX Warning: Command \nobreakspace invalid in math mode on input line 557.


LaTeX Warning: Command \nobreakspace invalid in math mode on input line 557.

! Missing { inserted.
<to be read again> 
                   \begingroup 
l.557 ...ymbol\phi} & \mathbf{C}_\boldsymbol{\phi}
                                                  ' \\ '\mathbf{C}_{\boldsym...
A left brace was mandatory here, so I've put one in.
You might want to delete and/or insert some corrections
so that I will find a matching right brace soon.
(If you're confused by all this, try typing `I}' now.)

! Missing } inserted.
<inserted text> 
                }
l.557 ...l\phi} & \mathbf{C}_\boldsymbol{\phi}' \\
                                                   '\mathbf{C}_{\boldsymbol\...
I've inserted something that you may have forgotten.
(See the <inserted text> above.)
With luck, this will get me unwedged. But if you
really didn't forget anything, try typing `2' now; then
my insertion and my current dilemma will both disappear.


LaTeX Warning: Command \nobreakspace invalid in math mode on input line 585.

Runaway argument?
{\mathbf {X}$: \end {par} \vspace {1em} \begin {par} $\mathbf {F} = {\ETC.
! Paragraph ended before \mathaccentV was complete.
<to be read again> 
                   \par 
l.600 
      
I suspect you've forgotten a `}', causing me to apply this
control sequence to too much text. How can we recover?
My plan is to forget the whole thing and hope for the best.

! Missing $ inserted.
<inserted text> 
                $
l.600 
      
I've inserted a begin-math/end-math symbol since I think
you left one out. Proceed, with fingers crossed.

[38]

LaTeX Warning: Command \nobreakspace invalid in math mode on input line 632.


LaTeX Warning: Command \nobreakspace invalid in math mode on input line 632.


LaTeX Warning: Command \nobreakspace invalid in math mode on input line 638.


LaTeX Warning: Command \nobreakspace invalid in math mode on input line 638.


LaTeX Warning: Command \nobreakspace invalid in math mode on input line 638.


LaTeX Warning: Command \nobreakspace invalid in math mode on input line 638.

[39]

LaTeX Warning: Command \nobreakspace invalid in math mode on input line 684.


LaTeX Warning: Command \nobreakspace invalid in math mode on input line 684.


LaTeX Warning: Command \nobreakspace invalid in math mode on input line 684.


LaTeX Warning: Command \nobreakspace invalid in math mode on input line 697.


LaTeX Warning: Command \nobreakspace invalid in math mode on input line 697.


LaTeX Warning: Command \nobreakspace invalid in math mode on input line 697.

[40]

LaTeX Warning: Command \nobreakspace invalid in math mode on input line 718.


LaTeX Warning: Command \nobreakspace invalid in math mode on input line 718.


LaTeX Warning: Command \nobreakspace invalid in math mode on input line 718.


LaTeX Warning: Command \nobreakspace invalid in math mode on input line 718.


LaTeX Warning: Command \nobreakspace invalid in math mode on input line 766.


LaTeX Warning: Command \nobreakspace invalid in math mode on input line 766.


LaTeX Warning: Command \nobreakspace invalid in math mode on input line 766.


LaTeX Warning: Command \nobreakspace invalid in math mode on input line 766.


LaTeX Warning: Command \nobreakspace invalid in math mode on input line 766.


LaTeX Warning: Command \nobreakspace invalid in math mode on input line 766.


LaTeX Warning: Command \nobreakspace invalid in math mode on input line 766.


LaTeX Warning: Command \nobreakspace invalid in math mode on input line 766.


LaTeX Warning: Command \nobreakspace invalid in math mode on input line 766.


LaTeX Warning: Command \nobreakspace invalid in math mode on input line 766.


LaTeX Warning: Command \nobreakspace invalid in math mode on input line 766.


LaTeX Warning: Command \nobreakspace invalid in math mode on input line 766.


LaTeX Warning: Command \nobreakspace invalid in math mode on input line 766.


LaTeX Warning: Command \nobreakspace invalid in math mode on input line 766.


LaTeX Warning: Command \nobreakspace invalid in math mode on input line 766.


LaTeX Warning: Command \nobreakspace invalid in math mode on input line 766.


Overfull \hbox (6.86313pt too wide) in paragraph at lines 773--773
[]                    \EU1/lmtt/m/n/10.95 dC_times_invC,ode_param.lin_comb,symb
ols,A_plus_gamma_inv,opt_settings);[] 
 []

File: VGM_for_Lorenz96_02.eps Graphic file (type eps)
<VGM_for_Lorenz96_02.eps> [41]
File: VGM_for_Lorenz96_03.eps Graphic file (type eps)
 <VGM_for_Lorenz96_03.eps>
File: VGM_for_Lorenz96_04.eps Graphic file (type eps)

<VGM_for_Lorenz96_04.eps>
Underfull \vbox (badness 10000) has occurred while \output is active []

 [42]
File: VGM_for_Lorenz96_05.eps Graphic file (type eps)

<VGM_for_Lorenz96_05.eps>
File: VGM_for_Lorenz96_06.eps Graphic file (type eps)
 <VGM_for_Lorenz96_06.eps>
File: VGM_for_Lorenz96_07.eps Graphic file (type eps)
 <VGM_for_Lorenz96_07.eps>
Underfull \vbox (badness 10000) has occurred while \output is active []

 [43]
File: VGM_for_Lorenz96_08.eps Graphic file (type eps)

<VGM_for_Lorenz96_08.eps>
File: VGM_for_Lorenz96_09.eps Graphic file (type eps)
 <VGM_for_Lorenz96_09.eps>
File: VGM_for_Lorenz96_10.eps Graphic file (type eps)
 <VGM_for_Lorenz96_10.eps>
Underfull \vbox (badness 10000) has occurred while \output is active []

 [44]
File: VGM_for_Lorenz96_11.eps Graphic file (type eps)

<VGM_for_Lorenz96_11.eps>
File: VGM_for_Lorenz96_12.eps Graphic file (type eps)
 <VGM_for_Lorenz96_12.eps>
File: VGM_for_Lorenz96_13.eps Graphic file (type eps)
 <VGM_for_Lorenz96_13.eps>
Underfull \vbox (badness 10000) has occurred while \output is active []

 [45]
File: VGM_for_Lorenz96_14.eps Graphic file (type eps)

<VGM_for_Lorenz96_14.eps>
File: VGM_for_Lorenz96_15.eps Graphic file (type eps)
 <VGM_for_Lorenz96_15.eps>
File: VGM_for_Lorenz96_16.eps Graphic file (type eps)
 <VGM_for_Lorenz96_16.eps>
Underfull \vbox (badness 10000) has occurred while \output is active []

 [46]
File: VGM_for_Lorenz96_17.eps Graphic file (type eps)

<VGM_for_Lorenz96_17.eps>
File: VGM_for_Lorenz96_18.eps Graphic file (type eps)
 <VGM_for_Lorenz96_18.eps>
File: VGM_for_Lorenz96_19.eps Graphic file (type eps)
 <VGM_for_Lorenz96_19.eps>
Underfull \vbox (badness 10000) has occurred while \output is active []

 [47]
File: VGM_for_Lorenz96_20.eps Graphic file (type eps)

<VGM_for_Lorenz96_20.eps>
File: VGM_for_Lorenz96_21.eps Graphic file (type eps)
 <VGM_for_Lorenz96_21.eps>
Underfull \vbox (badness 10000) has occurred while \output is active []

 [48]

! LaTeX Error: \begin{align*} on input line 832 ended by \end{align}.

See the LaTeX manual or LaTeX Companion for explanation.
Type  H <return>  for immediate help.
 ...                                              
                                                  
l.843 \end{align}
                 
Your command was ignored.
Type  I <command> <return>  to replace it with another command,
or  <return>  to continue without it.


LaTeX Warning: Command \nobreakspace invalid in math mode on input line 843.


LaTeX Warning: Command \nobreakspace invalid in math mode on input line 843.


LaTeX Warning: Command \nobreakspace invalid in math mode on input line 843.


LaTeX Warning: Command \nobreakspace invalid in math mode on input line 843.


LaTeX Warning: Command \nobreakspace invalid in math mode on input line 843.


LaTeX Warning: Command \nobreakspace invalid in math mode on input line 843.


LaTeX Warning: Command \nobreakspace invalid in math mode on input line 843.


LaTeX Warning: Command \nobreakspace invalid in math mode on input line 843.


LaTeX Warning: Command \nobreakspace invalid in math mode on input line 843.


LaTeX Warning: Command \nobreakspace invalid in math mode on input line 843.


LaTeX Warning: Command \nobreakspace invalid in math mode on input line 843.


LaTeX Warning: Command \nobreakspace invalid in math mode on input line 843.


LaTeX Warning: Command \nobreakspace invalid in math mode on input line 843.


LaTeX Warning: Command \nobreakspace invalid in math mode on input line 843.


LaTeX Warning: Command \nobreakspace invalid in math mode on input line 843.


LaTeX Warning: Command \nobreakspace invalid in math mode on input line 843.


LaTeX Warning: Command \nobreakspace invalid in math mode on input line 843.


LaTeX Warning: Command \nobreakspace invalid in math mode on input line 843.


LaTeX Warning: Command \nobreakspace invalid in math mode on input line 843.


LaTeX Warning: Command \nobreakspace invalid in math mode on input line 843.

File: VGM_for_Lorenz96_22.eps Graphic file (type eps)
<VGM_for_Lorenz96_22.eps>) [49] [50

] (./lorenz_attractor.tex [51

] [52]
File: VGM_for_Lorenz_Attractor_01.eps Graphic file (type eps)

<VGM_for_Lorenz_Attractor_01.eps>

LaTeX Warning: Command \nobreakspace invalid in math mode on input line 164.


LaTeX Warning: Command \nobreakspace invalid in math mode on input line 164.


LaTeX Warning: Command \nobreakspace invalid in math mode on input line 164.


LaTeX Warning: Command \nobreakspace invalid in math mode on input line 164.

[53]

LaTeX Warning: Command \nobreakspace invalid in math mode on input line 192.

Runaway argument?
{\mathbf {X}$: \end {par} \vspace {1em} \begin {par} $\mathbf {F} = {\ETC.
! Paragraph ended before \mathaccentV was complete.
<to be read again> 
                   \par 
l.207 
      
I suspect you've forgotten a `}', causing me to apply this
control sequence to too much text. How can we recover?
My plan is to forget the whole thing and hope for the best.

! Missing $ inserted.
<inserted text> 
                $
l.207 
      
I've inserted a begin-math/end-math symbol since I think
you left one out. Proceed, with fingers crossed.


LaTeX Warning: Command \nobreakspace invalid in math mode on input line 238.


LaTeX Warning: Command \nobreakspace invalid in math mode on input line 238.


LaTeX Warning: Command \nobreakspace invalid in math mode on input line 244.


LaTeX Warning: Command \nobreakspace invalid in math mode on input line 244.


LaTeX Warning: Command \nobreakspace invalid in math mode on input line 244.


LaTeX Warning: Command \nobreakspace invalid in math mode on input line 244.

[54]
! Missing } inserted.
<inserted text> 
                }
l.257 ...mathbf{f}_k(\mathbf{X},\boldsymbol\theta}
                                                  )$ is expressed as a linea...
I've inserted something that you may have forgotten.
(See the <inserted text> above.)
With luck, this will get me unwedged. But if you
really didn't forget anything, try typing `2' now; then
my insertion and my current dilemma will both disappear.

! Extra }, or forgotten $.
\math@egroup #1->#1\egroup 
                           
l.257 ...mathbf{f}_k(\mathbf{X},\boldsymbol\theta}
                                                  )$ is expressed as a linea...
I've deleted a group-closing symbol because it seems to be
spurious, as in `$x}$'. But perhaps the } is legitimate and
you forgot something else, as in `\hbox{$x}'. In such cases
the way to recover is to insert both the forgotten and the
deleted material, e.g., by typing `I$}'.


LaTeX Warning: Command \nobreakspace invalid in math mode on input line 290.


LaTeX Warning: Command \nobreakspace invalid in math mode on input line 290.


LaTeX Warning: Command \nobreakspace invalid in math mode on input line 290.


LaTeX Warning: Command \nobreakspace invalid in math mode on input line 303.


LaTeX Warning: Command \nobreakspace invalid in math mode on input line 303.


LaTeX Warning: Command \nobreakspace invalid in math mode on input line 303.

[55]

LaTeX Warning: Command \nobreakspace invalid in math mode on input line 324.


LaTeX Warning: Command \nobreakspace invalid in math mode on input line 324.


LaTeX Warning: Command \nobreakspace invalid in math mode on input line 324.


LaTeX Warning: Command \nobreakspace invalid in math mode on input line 324.

! Display math should end with $$.
<to be read again> 
                   :
l.331 ...thbf{0},\mathbf{C}_{\boldsymbol\phi_k})$:
                                                  
The `$' that I just saw supposedly matches a previous `$$'.
So I shall assume that you typed `$$' both times.


! LaTeX Error: Lonely \item--perhaps a missing list environment.

See the LaTeX manual or LaTeX Companion for explanation.
Type  H <return>  for immediate help.
 ...                                              
                                                  
l.360 \item \textbf
                   {Coordinate ascent}
Try typing  <return>  to proceed.
If that doesn't work, type  X <return>  to quit.


Underfull \hbox (badness 10000) detected at line 360
[][]
 []

[56]

LaTeX Warning: Command \nobreakspace invalid in math mode on input line 372.


LaTeX Warning: Command \nobreakspace invalid in math mode on input line 373.


LaTeX Warning: Command \nobreakspace invalid in math mode on input line 373.


LaTeX Warning: Command \nobreakspace invalid in math mode on input line 375.


LaTeX Warning: Command \nobreakspace invalid in math mode on input line 377.


LaTeX Warning: Command \nobreakspace invalid in math mode on input line 377.


LaTeX Warning: Command \nobreakspace invalid in math mode on input line 378.


LaTeX Warning: Command \nobreakspace invalid in math mode on input line 378.


Overfull \hbox (6.86313pt too wide) in paragraph at lines 387--387
[]                    \EU1/lmtt/m/n/10.95 dC_times_invC,ode_param.lin_comb,symb
ols,A_plus_gamma_inv,opt_settings);[] 
 []

File: VGM_for_Lorenz_Attractor_02.eps Graphic file (type eps)
<VGM_for_Lorenz_Attractor_02.eps>
File: VGM_for_Lorenz_Attractor_03.eps Graphic file (type eps)
 <VGM_for_Lorenz_Attractor_03.eps>
File: VGM_for_Lorenz_Attractor_04.eps Graphic file (type eps)

<VGM_for_Lorenz_Attractor_04.eps> [57]
File: VGM_for_Lorenz_Attractor_05.eps Graphic file (type eps)
 <VGM_for_Lorenz_Attractor_05.eps>
File: VGM_for_Lorenz_Attractor_06.eps Graphic file (type eps)

<VGM_for_Lorenz_Attractor_06.eps>
File: VGM_for_Lorenz_Attractor_07.eps Graphic file (type eps)
 <VGM_for_Lorenz_Attractor_07.eps>
Underfull \vbox (badness 10000) has occurred while \output is active []

 [58]
File: VGM_for_Lorenz_Attractor_08.eps Graphic file (type eps)

<VGM_for_Lorenz_Attractor_08.eps>
File: VGM_for_Lorenz_Attractor_09.eps Graphic file (type eps)
 <VGM_for_Lorenz_Attractor_09.eps>
File: VGM_for_Lorenz_Attractor_10.eps Graphic file (type eps)

<VGM_for_Lorenz_Attractor_10.eps>
Underfull \vbox (badness 10000) has occurred while \output is active []

 [59]
File: VGM_for_Lorenz_Attractor_11.eps Graphic file (type eps)

<VGM_for_Lorenz_Attractor_11.eps>
File: VGM_for_Lorenz_Attractor_12.eps Graphic file (type eps)
 <VGM_for_Lorenz_Attractor_12.eps>
File: VGM_for_Lorenz_Attractor_13.eps Graphic file (type eps)

<VGM_for_Lorenz_Attractor_13.eps>
Underfull \vbox (badness 10000) has occurred while \output is active []

 [60]
File: VGM_for_Lorenz_Attractor_14.eps Graphic file (type eps)

<VGM_for_Lorenz_Attractor_14.eps>
File: VGM_for_Lorenz_Attractor_15.eps Graphic file (type eps)
 <VGM_for_Lorenz_Attractor_15.eps>
File: VGM_for_Lorenz_Attractor_16.eps Graphic file (type eps)

<VGM_for_Lorenz_Attractor_16.eps>
Underfull \vbox (badness 10000) has occurred while \output is active []

 [61]
File: VGM_for_Lorenz_Attractor_17.eps Graphic file (type eps)

<VGM_for_Lorenz_Attractor_17.eps>
File: VGM_for_Lorenz_Attractor_18.eps Graphic file (type eps)
 <VGM_for_Lorenz_Attractor_18.eps>
File: VGM_for_Lorenz_Attractor_19.eps Graphic file (type eps)

<VGM_for_Lorenz_Attractor_19.eps>
Underfull \vbox (badness 10000) has occurred while \output is active []

 [62]
File: VGM_for_Lorenz_Attractor_20.eps Graphic file (type eps)

<VGM_for_Lorenz_Attractor_20.eps>
File: VGM_for_Lorenz_Attractor_21.eps Graphic file (type eps)
 <VGM_for_Lorenz_Attractor_21.eps>
File: VGM_for_Lorenz_Attractor_22.eps Graphic file (type eps)

<VGM_for_Lorenz_Attractor_22.eps>
Underfull \vbox (badness 10000) has occurred while \output is active []

 [63]
File: VGM_for_Lorenz_Attractor_23.eps Graphic file (type eps)

<VGM_for_Lorenz_Attractor_23.eps>
File: VGM_for_Lorenz_Attractor_24.eps Graphic file (type eps)
 <VGM_for_Lorenz_Attractor_24.eps>
File: VGM_for_Lorenz_Attractor_25.eps Graphic file (type eps)

<VGM_for_Lorenz_Attractor_25.eps>
Underfull \vbox (badness 10000) has occurred while \output is active []

 [64]
File: VGM_for_Lorenz_Attractor_26.eps Graphic file (type eps)

<VGM_for_Lorenz_Attractor_26.eps>
File: VGM_for_Lorenz_Attractor_27.eps Graphic file (type eps)
 <VGM_for_Lorenz_Attractor_27.eps>
File: VGM_for_Lorenz_Attractor_28.eps Graphic file (type eps)

<VGM_for_Lorenz_Attractor_28.eps>
Underfull \vbox (badness 10000) has occurred while \output is active []

 [65]
File: VGM_for_Lorenz_Attractor_29.eps Graphic file (type eps)

<VGM_for_Lorenz_Attractor_29.eps>
File: VGM_for_Lorenz_Attractor_30.eps Graphic file (type eps)
 <VGM_for_Lorenz_Attractor_30.eps>
File: VGM_for_Lorenz_Attractor_31.eps Graphic file (type eps)

<VGM_for_Lorenz_Attractor_31.eps>
Underfull \vbox (badness 10000) has occurred while \output is active []

 [66]
File: VGM_for_Lorenz_Attractor_32.eps Graphic file (type eps)

<VGM_for_Lorenz_Attractor_32.eps>
File: VGM_for_Lorenz_Attractor_33.eps Graphic file (type eps)
 <VGM_for_Lorenz_Attractor_33.eps>
File: VGM_for_Lorenz_Attractor_34.eps Graphic file (type eps)

<VGM_for_Lorenz_Attractor_34.eps>
Underfull \vbox (badness 10000) has occurred while \output is active []

 [67]
File: VGM_for_Lorenz_Attractor_35.eps Graphic file (type eps)

<VGM_for_Lorenz_Attractor_35.eps>
File: VGM_for_Lorenz_Attractor_36.eps Graphic file (type eps)
 <VGM_for_Lorenz_Attractor_36.eps>
File: VGM_for_Lorenz_Attractor_37.eps Graphic file (type eps)

<VGM_for_Lorenz_Attractor_37.eps>
Underfull \vbox (badness 10000) has occurred while \output is active []

 [68]
File: VGM_for_Lorenz_Attractor_38.eps Graphic file (type eps)

<VGM_for_Lorenz_Attractor_38.eps>
File: VGM_for_Lorenz_Attractor_39.eps Graphic file (type eps)
 <VGM_for_Lorenz_Attractor_39.eps>
File: VGM_for_Lorenz_Attractor_40.eps Graphic file (type eps)

<VGM_for_Lorenz_Attractor_40.eps>
Underfull \vbox (badness 10000) has occurred while \output is active []

 [69]
File: VGM_for_Lorenz_Attractor_41.eps Graphic file (type eps)

<VGM_for_Lorenz_Attractor_41.eps>

LaTeX Warning: Command \nobreakspace invalid in math mode on input line 493.


LaTeX Warning: Command \nobreakspace invalid in math mode on input line 494.


LaTeX Warning: Command \nobreakspace invalid in math mode on input line 495.


LaTeX Warning: Command \nobreakspace invalid in math mode on input line 495.


LaTeX Warning: Command \nobreakspace invalid in math mode on input line 496.


LaTeX Warning: Command \nobreakspace invalid in math mode on input line 496.


LaTeX Warning: Command \nobreakspace invalid in math mode on input line 497.


LaTeX Warning: Command \nobreakspace invalid in math mode on input line 498.


LaTeX Warning: Command \nobreakspace invalid in math mode on input line 499.


LaTeX Warning: Command \nobreakspace invalid in math mode on input line 500.


LaTeX Warning: Command \nobreakspace invalid in math mode on input line 500.


LaTeX Warning: Command \nobreakspace invalid in math mode on input line 501.

Missing character: There is no ^^F in font Minion Pro Semibold/OT:script=latn;l
anguage=DFLT;mapping=tex-text;!
[70]
File: VGM_for_Lorenz_Attractor_42.eps Graphic file (type eps)
 <VGM_for_Lorenz_Attractor_42.eps>) [71] [72

] (./dcm.tex [73

]
Overfull \hbox (6.86304pt too wide) in paragraph at lines 98--98
[]\EU1/lmtt/m/n/10.95 [symbols,ode,plot_settings,state,simulation,odes_path,cou
pling_idx,opt_settings] = ...[] 
 []

[74]
Underfull \vbox (badness 10000) has occurred while \output is active []

 [75]
[76]
Underfull \vbox (badness 10000) has occurred while \output is active []

 [77]
Overfull \hbox (7.41063pt too wide) in paragraph at lines 315--315
 []    \EU1/lmtt/m/n/10.95 simulation.ode_param = -0.8 + (0.8-(-0.8)) * rand(1,
length(symbols_true.param));[] 
 []

File: VGM_for_dynamic_causal_modeling_01.eps Graphic file (type eps)
<VGM_for_dynamic_causal_modeling_01.eps>
File: VGM_for_dynamic_causal_modeling_02.eps Graphic file (type eps)

<VGM_for_dynamic_causal_modeling_02.eps> [78] [79]

LaTeX Warning: Command \nobreakspace invalid in math mode on input line 405.


LaTeX Warning: Command \nobreakspace invalid in math mode on input line 405.


LaTeX Warning: Command \nobreakspace invalid in math mode on input line 405.


LaTeX Warning: Command \nobreakspace invalid in math mode on input line 405.

! Undefined control sequence.
<argument> \partialC 
                     _{\boldsymbol \phi _k}(t,t') 
l.420 ...ol\phi_k}(t,t') }{\partial t \partial t'}
                                                   =: C_{\boldsymbol\phi_k}'...
The control sequence at the end of the top line
of your error message was never \def'ed. If you have
misspelled it (e.g., `\hobx'), type `I' and the correct
spelling (e.g., `I\hbox'). Otherwise just continue,
and I'll forget about whatever was undefined.


LaTeX Warning: Command \nobreakspace invalid in math mode on input line 433.

Runaway argument?
{\mathbf {X}$: \end {par} \vspace {1em} \begin {par} $\mathbf {F} = {\ETC.
! Paragraph ended before \mathaccentV was complete.
<to be read again> 
                   \par 
l.448 
      
I suspect you've forgotten a `}', causing me to apply this
control sequence to too much text. How can we recover?
My plan is to forget the whole thing and hope for the best.

! Missing $ inserted.
<inserted text> 
                $
l.448 
      
I've inserted a begin-math/end-math symbol since I think
you left one out. Proceed, with fingers crossed.

[80]

LaTeX Warning: Command \nobreakspace invalid in math mode on input line 480.


LaTeX Warning: Command \nobreakspace invalid in math mode on input line 480.


LaTeX Warning: Command \nobreakspace invalid in math mode on input line 486.


LaTeX Warning: Command \nobreakspace invalid in math mode on input line 486.


LaTeX Warning: Command \nobreakspace invalid in math mode on input line 486.


LaTeX Warning: Command \nobreakspace invalid in math mode on input line 486.

! Missing \right. inserted.
<inserted text> 
                \right .
l.486 ...}_{\boldsymbol{\theta}}^{+T} \qquad (6).$
                                                  
I've inserted something that you may have forgotten.
(See the <inserted text> above.)
With luck, this will get me unwedged. But if you
really didn't forget anything, try typing `2' now; then
my insertion and my current dilemma will both disappear.


LaTeX Warning: Command \nobreakspace invalid in math mode on input line 494.


LaTeX Warning: Command \nobreakspace invalid in math mode on input line 494.


LaTeX Warning: Command \nobreakspace invalid in math mode on input line 494.


LaTeX Warning: Command \nobreakspace invalid in math mode on input line 494.


LaTeX Warning: Command \nobreakspace invalid in math mode on input line 495.


LaTeX Warning: Command \nobreakspace invalid in math mode on input line 495.


LaTeX Warning: Command \nobreakspace invalid in math mode on input line 502.


LaTeX Warning: Command \nobreakspace invalid in math mode on input line 504.


LaTeX Warning: Command \nobreakspace invalid in math mode on input line 504.


LaTeX Warning: Command \nobreakspace invalid in math mode on input line 505.


LaTeX Warning: Command \nobreakspace invalid in math mode on input line 505.


LaTeX Warning: Command \nobreakspace invalid in math mode on input line 514.


LaTeX Warning: Command \nobreakspace invalid in math mode on input line 514.


LaTeX Warning: Command \nobreakspace invalid in math mode on input line 514.


LaTeX Warning: Command \nobreakspace invalid in math mode on input line 523.


LaTeX Warning: Command \nobreakspace invalid in math mode on input line 524.

[81]
Overfull \hbox (5.97507pt too wide) in paragraph at lines 532--532
|[]\EU1/MinionPro(0)/bx/n/14.4 Rewrite Neuronal ODEs as Linear Combination in I
ndividual Neuronal States| 
 []


LaTeX Warning: Command \nobreakspace invalid in math mode on input line 576.


LaTeX Warning: Command \nobreakspace invalid in math mode on input line 576.


LaTeX Warning: Command \nobreakspace invalid in math mode on input line 576.


LaTeX Warning: Command \nobreakspace invalid in math mode on input line 589.


LaTeX Warning: Command \nobreakspace invalid in math mode on input line 589.


LaTeX Warning: Command \nobreakspace invalid in math mode on input line 589.

[82]

LaTeX Warning: Command \nobreakspace invalid in math mode on input line 610.


LaTeX Warning: Command \nobreakspace invalid in math mode on input line 610.


LaTeX Warning: Command \nobreakspace invalid in math mode on input line 610.


LaTeX Warning: Command \nobreakspace invalid in math mode on input line 610.

[83] [84

]
File: hemodynamic_factor_graph.pdf Graphic file (type QTm)
 <use  "hemodynamic_factor_graph.pdf" > [85

]

LaTeX Warning: Command \nobreakspace invalid in math mode on input line 704.

[86]
File: neuronal_factor_graph.pdf Graphic file (type QTm)
 <use  "neuronal_factor_graph.pdf" > [87]

! LaTeX Error: \begin{align*} on input line 803 ended by \end{align}.

See the LaTeX manual or LaTeX Companion for explanation.
Type  H <return>  for immediate help.
 ...                                              
                                                  
l.806 \end{align}
                 
Your command was ignored.
Type  I <command> <return>  to replace it with another command,
or  <return>  to continue without it.


LaTeX Warning: Command \nobreakspace invalid in math mode on input line 806.


LaTeX Warning: Command \nobreakspace invalid in math mode on input line 806.


LaTeX Warning: Command \nobreakspace invalid in math mode on input line 806.


LaTeX Warning: Command \nobreakspace invalid in math mode on input line 806.


LaTeX Warning: Command \nobreakspace invalid in math mode on input line 806.


LaTeX Warning: Command \nobreakspace invalid in math mode on input line 806.


LaTeX Warning: Command \nobreakspace invalid in math mode on input line 806.


LaTeX Warning: Command \nobreakspace invalid in math mode on input line 806.


LaTeX Warning: Command \nobreakspace invalid in math mode on input line 806.


LaTeX Warning: Command \nobreakspace invalid in math mode on input line 806.


LaTeX Warning: Command \nobreakspace invalid in math mode on input line 806.


LaTeX Warning: Command \nobreakspace invalid in math mode on input line 806.


LaTeX Warning: Command \nobreakspace invalid in math mode on input line 806.


LaTeX Warning: Command \nobreakspace invalid in math mode on input line 806.


LaTeX Warning: Command \nobreakspace invalid in math mode on input line 806.


LaTeX Warning: Command \nobreakspace invalid in math mode on input line 806.


Overfull \hbox (16.44434pt too wide) in paragraph at lines 813--813
[]                \EU1/lmtt/m/n/10.95 [ode_param.proxy.mean,ode_param.proxy.inv
_cov] = proxy_for_ode_parameters(...[] 
 []


LaTeX Warning: Command \nobreakspace invalid in math mode on input line 825.


LaTeX Warning: Command \nobreakspace invalid in math mode on input line 829.

File: VGM_for_dynamic_causal_modeling_03.eps Graphic file (type eps)
<VGM_for_dynamic_causal_modeling_03.eps> [88]
File: VGM_for_dynamic_causal_modeling_04.eps Graphic file (type eps)

<VGM_for_dynamic_causal_modeling_04.eps>
File: VGM_for_dynamic_causal_modeling_05.eps Graphic file (type eps)

<VGM_for_dynamic_causal_modeling_05.eps>
Underfull \vbox (badness 10000) has occurred while \output is active []

 [89]
File: VGM_for_dynamic_causal_modeling_06.eps Graphic file (type eps)

<VGM_for_dynamic_causal_modeling_06.eps>
Underfull \vbox (badness 10000) has occurred while \output is active []

 [90]
File: VGM_for_dynamic_causal_modeling_07.eps Graphic file (type eps)

<VGM_for_dynamic_causal_modeling_07.eps>) [91] [92

] (./references.tex
Overfull \hbox (6.77177pt too wide) in paragraph at lines 5--7
\EU1/MinionPro(0)/m/n/10.95 Neural Information Processing Systems (NIPS). [][]h
ttps://papers.nips.cc/paper/7066-scalable-variational-inference-
 []

) [93

] [94

]
Package atveryend Info: Empty hook `BeforeClearDocument' on input line 96.
Package atveryend Info: Empty hook `AfterLastShipout' on input line 96.
 (./Code_Documentation_for_Variational_Gradient_Matching.aux)
Package atveryend Info: Empty hook `AtVeryEndDocument' on input line 96.
Package atveryend Info: Empty hook `AtEndAfterFileList' on input line 96.
Package atveryend Info: Empty hook `AtVeryVeryEnd' on input line 96.
 ) 
Here is how much of TeX's memory you used:
 23629 strings out of 493591
 419864 string characters out of 6143546
 460023 words of memory out of 5000000
 26691 multiletter control sequences out of 15000+600000
 13203 words of font info for 78 fonts, out of 8000000 for 9000
 1347 hyphenation exceptions out of 8191
 36i,18n,62p,10412b,1234s stack positions out of 5000i,500n,10000p,200000b,80000s

Output written on Code_Documentation_for_Variational_Gradient_Matching.pdf (94 
pages).
